
AVRASM ver. 2.1.30  E:\Branch\AVR\ArduinoUno\traffic_light\traff\Debug\List\traffoc.asm Thu Jun 18 10:42:00 2020

E:\Branch\AVR\ArduinoUno\traffic_light\traff\Debug\List\traffoc.asm(1090): warning: Register r4 already defined by the .DEF directive
E:\Branch\AVR\ArduinoUno\traffic_light\traff\Debug\List\traffoc.asm(1091): warning: Register r3 already defined by the .DEF directive
E:\Branch\AVR\ArduinoUno\traffic_light\traff\Debug\List\traffoc.asm(1092): warning: Register r6 already defined by the .DEF directive
                 
                 
                 ;CodeVisionAVR C Compiler V3.12 Advanced
                 ;(C) Copyright 1998-2014 Pavel Haiduc, HP InfoTech s.r.l.
                 ;http://www.hpinfotech.com
                 
                 ;Build configuration    : Debug
                 ;Chip type              : ATmega328P
                 ;Program type           : Application
                 ;Clock frequency        : 16.000000 MHz
                 ;Memory model           : Small
                 ;Optimize for           : Size
                 ;(s)printf features     : int, width
                 ;(s)scanf features      : int, width
                 ;External RAM size      : 0
                 ;Data Stack size        : 512 byte(s)
                 ;Heap size              : 0 byte(s)
                 ;Promote 'char' to 'int': Yes
                 ;'char' is unsigned     : Yes
                 ;8 bit enums            : Yes
                 ;Global 'const' stored in FLASH: Yes
                 ;Enhanced function parameter passing: Yes
                 ;Enhanced core instructions: On
                 ;Automatic register allocation for global variables: On
                 ;Smart register allocation: On
                 
                 	#define _MODEL_SMALL_
                 
                 	#pragma AVRPART ADMIN PART_NAME ATmega328P
                 	#pragma AVRPART MEMORY PROG_FLASH 32768
                 	#pragma AVRPART MEMORY EEPROM 1024
                 	#pragma AVRPART MEMORY INT_SRAM SIZE 2048
                 	#pragma AVRPART MEMORY INT_SRAM START_ADDR 0x100
                 
                 	#define CALL_SUPPORTED 1
                 
                 	.LISTMAC
                 	.EQU EERE=0x0
                 	.EQU EEWE=0x1
                 	.EQU EEMWE=0x2
                 	.EQU UDRE=0x5
                 	.EQU RXC=0x7
                 	.EQU EECR=0x1F
                 	.EQU EEDR=0x20
                 	.EQU EEARL=0x21
                 	.EQU EEARH=0x22
                 	.EQU SPSR=0x2D
                 	.EQU SPDR=0x2E
                 	.EQU SMCR=0x33
                 	.EQU MCUSR=0x34
                 	.EQU MCUCR=0x35
                 	.EQU WDTCSR=0x60
                 	.EQU UCSR0A=0xC0
                 	.EQU UDR0=0xC6
                 	.EQU SPL=0x3D
                 	.EQU SPH=0x3E
                 	.EQU SREG=0x3F
                 	.EQU GPIOR0=0x1E
                 
                 	.DEF R0X0=R0
                 	.DEF R0X1=R1
                 	.DEF R0X2=R2
                 	.DEF R0X3=R3
                 	.DEF R0X4=R4
                 	.DEF R0X5=R5
                 	.DEF R0X6=R6
                 	.DEF R0X7=R7
                 	.DEF R0X8=R8
                 	.DEF R0X9=R9
                 	.DEF R0XA=R10
                 	.DEF R0XB=R11
                 	.DEF R0XC=R12
                 	.DEF R0XD=R13
                 	.DEF R0XE=R14
                 	.DEF R0XF=R15
                 	.DEF R0X10=R16
                 	.DEF R0X11=R17
                 	.DEF R0X12=R18
                 	.DEF R0X13=R19
                 	.DEF R0X14=R20
                 	.DEF R0X15=R21
                 	.DEF R0X16=R22
                 	.DEF R0X17=R23
                 	.DEF R0X18=R24
                 	.DEF R0X19=R25
                 	.DEF R0X1A=R26
                 	.DEF R0X1B=R27
                 	.DEF R0X1C=R28
                 	.DEF R0X1D=R29
                 	.DEF R0X1E=R30
                 	.DEF R0X1F=R31
                 
                 	.EQU __SRAM_START=0x0100
                 	.EQU __SRAM_END=0x08FF
                 	.EQU __DSTACK_SIZE=0x0200
                 	.EQU __HEAP_SIZE=0x0000
                 	.EQU __CLEAR_SRAM_SIZE=__SRAM_END-__SRAM_START+1
                 
                 	.MACRO __CPD1N
                 	CPI  R30,LOW(@0)
                 	LDI  R26,HIGH(@0)
                 	CPC  R31,R26
                 	LDI  R26,BYTE3(@0)
                 	CPC  R22,R26
                 	LDI  R26,BYTE4(@0)
                 	CPC  R23,R26
                 	.ENDM
                 
                 	.MACRO __CPD2N
                 	CPI  R26,LOW(@0)
                 	LDI  R30,HIGH(@0)
                 	CPC  R27,R30
                 	LDI  R30,BYTE3(@0)
                 	CPC  R24,R30
                 	LDI  R30,BYTE4(@0)
                 	CPC  R25,R30
                 	.ENDM
                 
                 	.MACRO __CPWRR
                 	CP   R@0,R@2
                 	CPC  R@1,R@3
                 	.ENDM
                 
                 	.MACRO __CPWRN
                 	CPI  R@0,LOW(@2)
                 	LDI  R30,HIGH(@2)
                 	CPC  R@1,R30
                 	.ENDM
                 
                 	.MACRO __ADDB1MN
                 	SUBI R30,LOW(-@0-(@1))
                 	.ENDM
                 
                 	.MACRO __ADDB2MN
                 	SUBI R26,LOW(-@0-(@1))
                 	.ENDM
                 
                 	.MACRO __ADDW1MN
                 	SUBI R30,LOW(-@0-(@1))
                 	SBCI R31,HIGH(-@0-(@1))
                 	.ENDM
                 
                 	.MACRO __ADDW2MN
                 	SUBI R26,LOW(-@0-(@1))
                 	SBCI R27,HIGH(-@0-(@1))
                 	.ENDM
                 
                 	.MACRO __ADDW1FN
                 	SUBI R30,LOW(-2*@0-(@1))
                 	SBCI R31,HIGH(-2*@0-(@1))
                 	.ENDM
                 
                 	.MACRO __ADDD1FN
                 	SUBI R30,LOW(-2*@0-(@1))
                 	SBCI R31,HIGH(-2*@0-(@1))
                 	SBCI R22,BYTE3(-2*@0-(@1))
                 	.ENDM
                 
                 	.MACRO __ADDD1N
                 	SUBI R30,LOW(-@0)
                 	SBCI R31,HIGH(-@0)
                 	SBCI R22,BYTE3(-@0)
                 	SBCI R23,BYTE4(-@0)
                 	.ENDM
                 
                 	.MACRO __ADDD2N
                 	SUBI R26,LOW(-@0)
                 	SBCI R27,HIGH(-@0)
                 	SBCI R24,BYTE3(-@0)
                 	SBCI R25,BYTE4(-@0)
                 	.ENDM
                 
                 	.MACRO __SUBD1N
                 	SUBI R30,LOW(@0)
                 	SBCI R31,HIGH(@0)
                 	SBCI R22,BYTE3(@0)
                 	SBCI R23,BYTE4(@0)
                 	.ENDM
                 
                 	.MACRO __SUBD2N
                 	SUBI R26,LOW(@0)
                 	SBCI R27,HIGH(@0)
                 	SBCI R24,BYTE3(@0)
                 	SBCI R25,BYTE4(@0)
                 	.ENDM
                 
                 	.MACRO __ANDBMNN
                 	LDS  R30,@0+(@1)
                 	ANDI R30,LOW(@2)
                 	STS  @0+(@1),R30
                 	.ENDM
                 
                 	.MACRO __ANDWMNN
                 	LDS  R30,@0+(@1)
                 	ANDI R30,LOW(@2)
                 	STS  @0+(@1),R30
                 	LDS  R30,@0+(@1)+1
                 	ANDI R30,HIGH(@2)
                 	STS  @0+(@1)+1,R30
                 	.ENDM
                 
                 	.MACRO __ANDD1N
                 	ANDI R30,LOW(@0)
                 	ANDI R31,HIGH(@0)
                 	ANDI R22,BYTE3(@0)
                 	ANDI R23,BYTE4(@0)
                 	.ENDM
                 
                 	.MACRO __ANDD2N
                 	ANDI R26,LOW(@0)
                 	ANDI R27,HIGH(@0)
                 	ANDI R24,BYTE3(@0)
                 	ANDI R25,BYTE4(@0)
                 	.ENDM
                 
                 	.MACRO __ORBMNN
                 	LDS  R30,@0+(@1)
                 	ORI  R30,LOW(@2)
                 	STS  @0+(@1),R30
                 	.ENDM
                 
                 	.MACRO __ORWMNN
                 	LDS  R30,@0+(@1)
                 	ORI  R30,LOW(@2)
                 	STS  @0+(@1),R30
                 	LDS  R30,@0+(@1)+1
                 	ORI  R30,HIGH(@2)
                 	STS  @0+(@1)+1,R30
                 	.ENDM
                 
                 	.MACRO __ORD1N
                 	ORI  R30,LOW(@0)
                 	ORI  R31,HIGH(@0)
                 	ORI  R22,BYTE3(@0)
                 	ORI  R23,BYTE4(@0)
                 	.ENDM
                 
                 	.MACRO __ORD2N
                 	ORI  R26,LOW(@0)
                 	ORI  R27,HIGH(@0)
                 	ORI  R24,BYTE3(@0)
                 	ORI  R25,BYTE4(@0)
                 	.ENDM
                 
                 	.MACRO __DELAY_USB
                 	LDI  R24,LOW(@0)
                 __DELAY_USB_LOOP:
                 	DEC  R24
                 	BRNE __DELAY_USB_LOOP
                 	.ENDM
                 
                 	.MACRO __DELAY_USW
                 	LDI  R24,LOW(@0)
                 	LDI  R25,HIGH(@0)
                 __DELAY_USW_LOOP:
                 	SBIW R24,1
                 	BRNE __DELAY_USW_LOOP
                 	.ENDM
                 
                 	.MACRO __GETD1S
                 	LDD  R30,Y+@0
                 	LDD  R31,Y+@0+1
                 	LDD  R22,Y+@0+2
                 	LDD  R23,Y+@0+3
                 	.ENDM
                 
                 	.MACRO __GETD2S
                 	LDD  R26,Y+@0
                 	LDD  R27,Y+@0+1
                 	LDD  R24,Y+@0+2
                 	LDD  R25,Y+@0+3
                 	.ENDM
                 
                 	.MACRO __PUTD1S
                 	STD  Y+@0,R30
                 	STD  Y+@0+1,R31
                 	STD  Y+@0+2,R22
                 	STD  Y+@0+3,R23
                 	.ENDM
                 
                 	.MACRO __PUTD2S
                 	STD  Y+@0,R26
                 	STD  Y+@0+1,R27
                 	STD  Y+@0+2,R24
                 	STD  Y+@0+3,R25
                 	.ENDM
                 
                 	.MACRO __PUTDZ2
                 	STD  Z+@0,R26
                 	STD  Z+@0+1,R27
                 	STD  Z+@0+2,R24
                 	STD  Z+@0+3,R25
                 	.ENDM
                 
                 	.MACRO __CLRD1S
                 	STD  Y+@0,R30
                 	STD  Y+@0+1,R30
                 	STD  Y+@0+2,R30
                 	STD  Y+@0+3,R30
                 	.ENDM
                 
                 	.MACRO __POINTB1MN
                 	LDI  R30,LOW(@0+(@1))
                 	.ENDM
                 
                 	.MACRO __POINTW1MN
                 	LDI  R30,LOW(@0+(@1))
                 	LDI  R31,HIGH(@0+(@1))
                 	.ENDM
                 
                 	.MACRO __POINTD1M
                 	LDI  R30,LOW(@0)
                 	LDI  R31,HIGH(@0)
                 	LDI  R22,BYTE3(@0)
                 	LDI  R23,BYTE4(@0)
                 	.ENDM
                 
                 	.MACRO __POINTW1FN
                 	LDI  R30,LOW(2*@0+(@1))
                 	LDI  R31,HIGH(2*@0+(@1))
                 	.ENDM
                 
                 	.MACRO __POINTD1FN
                 	LDI  R30,LOW(2*@0+(@1))
                 	LDI  R31,HIGH(2*@0+(@1))
                 	LDI  R22,BYTE3(2*@0+(@1))
                 	LDI  R23,BYTE4(2*@0+(@1))
                 	.ENDM
                 
                 	.MACRO __POINTB2MN
                 	LDI  R26,LOW(@0+(@1))
                 	.ENDM
                 
                 	.MACRO __POINTW2MN
                 	LDI  R26,LOW(@0+(@1))
                 	LDI  R27,HIGH(@0+(@1))
                 	.ENDM
                 
                 	.MACRO __POINTW2FN
                 	LDI  R26,LOW(2*@0+(@1))
                 	LDI  R27,HIGH(2*@0+(@1))
                 	.ENDM
                 
                 	.MACRO __POINTD2FN
                 	LDI  R26,LOW(2*@0+(@1))
                 	LDI  R27,HIGH(2*@0+(@1))
                 	LDI  R24,BYTE3(2*@0+(@1))
                 	LDI  R25,BYTE4(2*@0+(@1))
                 	.ENDM
                 
                 	.MACRO __POINTBRM
                 	LDI  R@0,LOW(@1)
                 	.ENDM
                 
                 	.MACRO __POINTWRM
                 	LDI  R@0,LOW(@2)
                 	LDI  R@1,HIGH(@2)
                 	.ENDM
                 
                 	.MACRO __POINTBRMN
                 	LDI  R@0,LOW(@1+(@2))
                 	.ENDM
                 
                 	.MACRO __POINTWRMN
                 	LDI  R@0,LOW(@2+(@3))
                 	LDI  R@1,HIGH(@2+(@3))
                 	.ENDM
                 
                 	.MACRO __POINTWRFN
                 	LDI  R@0,LOW(@2*2+(@3))
                 	LDI  R@1,HIGH(@2*2+(@3))
                 	.ENDM
                 
                 	.MACRO __GETD1N
                 	LDI  R30,LOW(@0)
                 	LDI  R31,HIGH(@0)
                 	LDI  R22,BYTE3(@0)
                 	LDI  R23,BYTE4(@0)
                 	.ENDM
                 
                 	.MACRO __GETD2N
                 	LDI  R26,LOW(@0)
                 	LDI  R27,HIGH(@0)
                 	LDI  R24,BYTE3(@0)
                 	LDI  R25,BYTE4(@0)
                 	.ENDM
                 
                 	.MACRO __GETB1MN
                 	LDS  R30,@0+(@1)
                 	.ENDM
                 
                 	.MACRO __GETB1HMN
                 	LDS  R31,@0+(@1)
                 	.ENDM
                 
                 	.MACRO __GETW1MN
                 	LDS  R30,@0+(@1)
                 	LDS  R31,@0+(@1)+1
                 	.ENDM
                 
                 	.MACRO __GETD1MN
                 	LDS  R30,@0+(@1)
                 	LDS  R31,@0+(@1)+1
                 	LDS  R22,@0+(@1)+2
                 	LDS  R23,@0+(@1)+3
                 	.ENDM
                 
                 	.MACRO __GETBRMN
                 	LDS  R@0,@1+(@2)
                 	.ENDM
                 
                 	.MACRO __GETWRMN
                 	LDS  R@0,@2+(@3)
                 	LDS  R@1,@2+(@3)+1
                 	.ENDM
                 
                 	.MACRO __GETWRZ
                 	LDD  R@0,Z+@2
                 	LDD  R@1,Z+@2+1
                 	.ENDM
                 
                 	.MACRO __GETD2Z
                 	LDD  R26,Z+@0
                 	LDD  R27,Z+@0+1
                 	LDD  R24,Z+@0+2
                 	LDD  R25,Z+@0+3
                 	.ENDM
                 
                 	.MACRO __GETB2MN
                 	LDS  R26,@0+(@1)
                 	.ENDM
                 
                 	.MACRO __GETW2MN
                 	LDS  R26,@0+(@1)
                 	LDS  R27,@0+(@1)+1
                 	.ENDM
                 
                 	.MACRO __GETD2MN
                 	LDS  R26,@0+(@1)
                 	LDS  R27,@0+(@1)+1
                 	LDS  R24,@0+(@1)+2
                 	LDS  R25,@0+(@1)+3
                 	.ENDM
                 
                 	.MACRO __PUTB1MN
                 	STS  @0+(@1),R30
                 	.ENDM
                 
                 	.MACRO __PUTW1MN
                 	STS  @0+(@1),R30
                 	STS  @0+(@1)+1,R31
                 	.ENDM
                 
                 	.MACRO __PUTD1MN
                 	STS  @0+(@1),R30
                 	STS  @0+(@1)+1,R31
                 	STS  @0+(@1)+2,R22
                 	STS  @0+(@1)+3,R23
                 	.ENDM
                 
                 	.MACRO __PUTB1EN
                 	LDI  R26,LOW(@0+(@1))
                 	LDI  R27,HIGH(@0+(@1))
                 	CALL __EEPROMWRB
                 	.ENDM
                 
                 	.MACRO __PUTW1EN
                 	LDI  R26,LOW(@0+(@1))
                 	LDI  R27,HIGH(@0+(@1))
                 	CALL __EEPROMWRW
                 	.ENDM
                 
                 	.MACRO __PUTD1EN
                 	LDI  R26,LOW(@0+(@1))
                 	LDI  R27,HIGH(@0+(@1))
                 	CALL __EEPROMWRD
                 	.ENDM
                 
                 	.MACRO __PUTBR0MN
                 	STS  @0+(@1),R0
                 	.ENDM
                 
                 	.MACRO __PUTBMRN
                 	STS  @0+(@1),R@2
                 	.ENDM
                 
                 	.MACRO __PUTWMRN
                 	STS  @0+(@1),R@2
                 	STS  @0+(@1)+1,R@3
                 	.ENDM
                 
                 	.MACRO __PUTBZR
                 	STD  Z+@1,R@0
                 	.ENDM
                 
                 	.MACRO __PUTWZR
                 	STD  Z+@2,R@0
                 	STD  Z+@2+1,R@1
                 	.ENDM
                 
                 	.MACRO __GETW1R
                 	MOV  R30,R@0
                 	MOV  R31,R@1
                 	.ENDM
                 
                 	.MACRO __GETW2R
                 	MOV  R26,R@0
                 	MOV  R27,R@1
                 	.ENDM
                 
                 	.MACRO __GETWRN
                 	LDI  R@0,LOW(@2)
                 	LDI  R@1,HIGH(@2)
                 	.ENDM
                 
                 	.MACRO __PUTW1R
                 	MOV  R@0,R30
                 	MOV  R@1,R31
                 	.ENDM
                 
                 	.MACRO __PUTW2R
                 	MOV  R@0,R26
                 	MOV  R@1,R27
                 	.ENDM
                 
                 	.MACRO __ADDWRN
                 	SUBI R@0,LOW(-@2)
                 	SBCI R@1,HIGH(-@2)
                 	.ENDM
                 
                 	.MACRO __ADDWRR
                 	ADD  R@0,R@2
                 	ADC  R@1,R@3
                 	.ENDM
                 
                 	.MACRO __SUBWRN
                 	SUBI R@0,LOW(@2)
                 	SBCI R@1,HIGH(@2)
                 	.ENDM
                 
                 	.MACRO __SUBWRR
                 	SUB  R@0,R@2
                 	SBC  R@1,R@3
                 	.ENDM
                 
                 	.MACRO __ANDWRN
                 	ANDI R@0,LOW(@2)
                 	ANDI R@1,HIGH(@2)
                 	.ENDM
                 
                 	.MACRO __ANDWRR
                 	AND  R@0,R@2
                 	AND  R@1,R@3
                 	.ENDM
                 
                 	.MACRO __ORWRN
                 	ORI  R@0,LOW(@2)
                 	ORI  R@1,HIGH(@2)
                 	.ENDM
                 
                 	.MACRO __ORWRR
                 	OR   R@0,R@2
                 	OR   R@1,R@3
                 	.ENDM
                 
                 	.MACRO __EORWRR
                 	EOR  R@0,R@2
                 	EOR  R@1,R@3
                 	.ENDM
                 
                 	.MACRO __GETWRS
                 	LDD  R@0,Y+@2
                 	LDD  R@1,Y+@2+1
                 	.ENDM
                 
                 	.MACRO __PUTBSR
                 	STD  Y+@1,R@0
                 	.ENDM
                 
                 	.MACRO __PUTWSR
                 	STD  Y+@2,R@0
                 	STD  Y+@2+1,R@1
                 	.ENDM
                 
                 	.MACRO __MOVEWRR
                 	MOV  R@0,R@2
                 	MOV  R@1,R@3
                 	.ENDM
                 
                 	.MACRO __INWR
                 	IN   R@0,@2
                 	IN   R@1,@2+1
                 	.ENDM
                 
                 	.MACRO __OUTWR
                 	OUT  @2+1,R@1
                 	OUT  @2,R@0
                 	.ENDM
                 
                 	.MACRO __CALL1MN
                 	LDS  R30,@0+(@1)
                 	LDS  R31,@0+(@1)+1
                 	ICALL
                 	.ENDM
                 
                 	.MACRO __CALL1FN
                 	LDI  R30,LOW(2*@0+(@1))
                 	LDI  R31,HIGH(2*@0+(@1))
                 	CALL __GETW1PF
                 	ICALL
                 	.ENDM
                 
                 	.MACRO __CALL2EN
                 	PUSH R26
                 	PUSH R27
                 	LDI  R26,LOW(@0+(@1))
                 	LDI  R27,HIGH(@0+(@1))
                 	CALL __EEPROMRDW
                 	POP  R27
                 	POP  R26
                 	ICALL
                 	.ENDM
                 
                 	.MACRO __CALL2EX
                 	SUBI R26,LOW(-@0)
                 	SBCI R27,HIGH(-@0)
                 	CALL __EEPROMRDD
                 	ICALL
                 	.ENDM
                 
                 	.MACRO __GETW1STACK
                 	IN   R30,SPL
                 	IN   R31,SPH
                 	ADIW R30,@0+1
                 	LD   R0,Z+
                 	LD   R31,Z
                 	MOV  R30,R0
                 	.ENDM
                 
                 	.MACRO __GETD1STACK
                 	IN   R30,SPL
                 	IN   R31,SPH
                 	ADIW R30,@0+1
                 	LD   R0,Z+
                 	LD   R1,Z+
                 	LD   R22,Z
                 	MOVW R30,R0
                 	.ENDM
                 
                 	.MACRO __NBST
                 	BST  R@0,@1
                 	IN   R30,SREG
                 	LDI  R31,0x40
                 	EOR  R30,R31
                 	OUT  SREG,R30
                 	.ENDM
                 
                 
                 	.MACRO __PUTB1SN
                 	LDD  R26,Y+@0
                 	LDD  R27,Y+@0+1
                 	SUBI R26,LOW(-@1)
                 	SBCI R27,HIGH(-@1)
                 	ST   X,R30
                 	.ENDM
                 
                 	.MACRO __PUTW1SN
                 	LDD  R26,Y+@0
                 	LDD  R27,Y+@0+1
                 	SUBI R26,LOW(-@1)
                 	SBCI R27,HIGH(-@1)
                 	ST   X+,R30
                 	ST   X,R31
                 	.ENDM
                 
                 	.MACRO __PUTD1SN
                 	LDD  R26,Y+@0
                 	LDD  R27,Y+@0+1
                 	SUBI R26,LOW(-@1)
                 	SBCI R27,HIGH(-@1)
                 	CALL __PUTDP1
                 	.ENDM
                 
                 	.MACRO __PUTB1SNS
                 	LDD  R26,Y+@0
                 	LDD  R27,Y+@0+1
                 	ADIW R26,@1
                 	ST   X,R30
                 	.ENDM
                 
                 	.MACRO __PUTW1SNS
                 	LDD  R26,Y+@0
                 	LDD  R27,Y+@0+1
                 	ADIW R26,@1
                 	ST   X+,R30
                 	ST   X,R31
                 	.ENDM
                 
                 	.MACRO __PUTD1SNS
                 	LDD  R26,Y+@0
                 	LDD  R27,Y+@0+1
                 	ADIW R26,@1
                 	CALL __PUTDP1
                 	.ENDM
                 
                 	.MACRO __PUTB1PMN
                 	LDS  R26,@0
                 	LDS  R27,@0+1
                 	SUBI R26,LOW(-@1)
                 	SBCI R27,HIGH(-@1)
                 	ST   X,R30
                 	.ENDM
                 
                 	.MACRO __PUTW1PMN
                 	LDS  R26,@0
                 	LDS  R27,@0+1
                 	SUBI R26,LOW(-@1)
                 	SBCI R27,HIGH(-@1)
                 	ST   X+,R30
                 	ST   X,R31
                 	.ENDM
                 
                 	.MACRO __PUTD1PMN
                 	LDS  R26,@0
                 	LDS  R27,@0+1
                 	SUBI R26,LOW(-@1)
                 	SBCI R27,HIGH(-@1)
                 	CALL __PUTDP1
                 	.ENDM
                 
                 	.MACRO __PUTB1PMNS
                 	LDS  R26,@0
                 	LDS  R27,@0+1
                 	ADIW R26,@1
                 	ST   X,R30
                 	.ENDM
                 
                 	.MACRO __PUTW1PMNS
                 	LDS  R26,@0
                 	LDS  R27,@0+1
                 	ADIW R26,@1
                 	ST   X+,R30
                 	ST   X,R31
                 	.ENDM
                 
                 	.MACRO __PUTD1PMNS
                 	LDS  R26,@0
                 	LDS  R27,@0+1
                 	ADIW R26,@1
                 	CALL __PUTDP1
                 	.ENDM
                 
                 	.MACRO __PUTB1RN
                 	MOVW R26,R@0
                 	SUBI R26,LOW(-@1)
                 	SBCI R27,HIGH(-@1)
                 	ST   X,R30
                 	.ENDM
                 
                 	.MACRO __PUTW1RN
                 	MOVW R26,R@0
                 	SUBI R26,LOW(-@1)
                 	SBCI R27,HIGH(-@1)
                 	ST   X+,R30
                 	ST   X,R31
                 	.ENDM
                 
                 	.MACRO __PUTD1RN
                 	MOVW R26,R@0
                 	SUBI R26,LOW(-@1)
                 	SBCI R27,HIGH(-@1)
                 	CALL __PUTDP1
                 	.ENDM
                 
                 	.MACRO __PUTB1RNS
                 	MOVW R26,R@0
                 	ADIW R26,@1
                 	ST   X,R30
                 	.ENDM
                 
                 	.MACRO __PUTW1RNS
                 	MOVW R26,R@0
                 	ADIW R26,@1
                 	ST   X+,R30
                 	ST   X,R31
                 	.ENDM
                 
                 	.MACRO __PUTD1RNS
                 	MOVW R26,R@0
                 	ADIW R26,@1
                 	CALL __PUTDP1
                 	.ENDM
                 
                 	.MACRO __PUTB1RON
                 	MOV  R26,R@0
                 	MOV  R27,R@1
                 	SUBI R26,LOW(-@2)
                 	SBCI R27,HIGH(-@2)
                 	ST   X,R30
                 	.ENDM
                 
                 	.MACRO __PUTW1RON
                 	MOV  R26,R@0
                 	MOV  R27,R@1
                 	SUBI R26,LOW(-@2)
                 	SBCI R27,HIGH(-@2)
                 	ST   X+,R30
                 	ST   X,R31
                 	.ENDM
                 
                 	.MACRO __PUTD1RON
                 	MOV  R26,R@0
                 	MOV  R27,R@1
                 	SUBI R26,LOW(-@2)
                 	SBCI R27,HIGH(-@2)
                 	CALL __PUTDP1
                 	.ENDM
                 
                 	.MACRO __PUTB1RONS
                 	MOV  R26,R@0
                 	MOV  R27,R@1
                 	ADIW R26,@2
                 	ST   X,R30
                 	.ENDM
                 
                 	.MACRO __PUTW1RONS
                 	MOV  R26,R@0
                 	MOV  R27,R@1
                 	ADIW R26,@2
                 	ST   X+,R30
                 	ST   X,R31
                 	.ENDM
                 
                 	.MACRO __PUTD1RONS
                 	MOV  R26,R@0
                 	MOV  R27,R@1
                 	ADIW R26,@2
                 	CALL __PUTDP1
                 	.ENDM
                 
                 
                 	.MACRO __GETB1SX
                 	MOVW R30,R28
                 	SUBI R30,LOW(-@0)
                 	SBCI R31,HIGH(-@0)
                 	LD   R30,Z
                 	.ENDM
                 
                 	.MACRO __GETB1HSX
                 	MOVW R30,R28
                 	SUBI R30,LOW(-@0)
                 	SBCI R31,HIGH(-@0)
                 	LD   R31,Z
                 	.ENDM
                 
                 	.MACRO __GETW1SX
                 	MOVW R30,R28
                 	SUBI R30,LOW(-@0)
                 	SBCI R31,HIGH(-@0)
                 	LD   R0,Z+
                 	LD   R31,Z
                 	MOV  R30,R0
                 	.ENDM
                 
                 	.MACRO __GETD1SX
                 	MOVW R30,R28
                 	SUBI R30,LOW(-@0)
                 	SBCI R31,HIGH(-@0)
                 	LD   R0,Z+
                 	LD   R1,Z+
                 	LD   R22,Z+
                 	LD   R23,Z
                 	MOVW R30,R0
                 	.ENDM
                 
                 	.MACRO __GETB2SX
                 	MOVW R26,R28
                 	SUBI R26,LOW(-@0)
                 	SBCI R27,HIGH(-@0)
                 	LD   R26,X
                 	.ENDM
                 
                 	.MACRO __GETW2SX
                 	MOVW R26,R28
                 	SUBI R26,LOW(-@0)
                 	SBCI R27,HIGH(-@0)
                 	LD   R0,X+
                 	LD   R27,X
                 	MOV  R26,R0
                 	.ENDM
                 
                 	.MACRO __GETD2SX
                 	MOVW R26,R28
                 	SUBI R26,LOW(-@0)
                 	SBCI R27,HIGH(-@0)
                 	LD   R0,X+
                 	LD   R1,X+
                 	LD   R24,X+
                 	LD   R25,X
                 	MOVW R26,R0
                 	.ENDM
                 
                 	.MACRO __GETBRSX
                 	MOVW R30,R28
                 	SUBI R30,LOW(-@1)
                 	SBCI R31,HIGH(-@1)
                 	LD   R@0,Z
                 	.ENDM
                 
                 	.MACRO __GETWRSX
                 	MOVW R30,R28
                 	SUBI R30,LOW(-@2)
                 	SBCI R31,HIGH(-@2)
                 	LD   R@0,Z+
                 	LD   R@1,Z
                 	.ENDM
                 
                 	.MACRO __GETBRSX2
                 	MOVW R26,R28
                 	SUBI R26,LOW(-@1)
                 	SBCI R27,HIGH(-@1)
                 	LD   R@0,X
                 	.ENDM
                 
                 	.MACRO __GETWRSX2
                 	MOVW R26,R28
                 	SUBI R26,LOW(-@2)
                 	SBCI R27,HIGH(-@2)
                 	LD   R@0,X+
                 	LD   R@1,X
                 	.ENDM
                 
                 	.MACRO __LSLW8SX
                 	MOVW R30,R28
                 	SUBI R30,LOW(-@0)
                 	SBCI R31,HIGH(-@0)
                 	LD   R31,Z
                 	CLR  R30
                 	.ENDM
                 
                 	.MACRO __PUTB1SX
                 	MOVW R26,R28
                 	SUBI R26,LOW(-@0)
                 	SBCI R27,HIGH(-@0)
                 	ST   X,R30
                 	.ENDM
                 
                 	.MACRO __PUTW1SX
                 	MOVW R26,R28
                 	SUBI R26,LOW(-@0)
                 	SBCI R27,HIGH(-@0)
                 	ST   X+,R30
                 	ST   X,R31
                 	.ENDM
                 
                 	.MACRO __PUTD1SX
                 	MOVW R26,R28
                 	SUBI R26,LOW(-@0)
                 	SBCI R27,HIGH(-@0)
                 	ST   X+,R30
                 	ST   X+,R31
                 	ST   X+,R22
                 	ST   X,R23
                 	.ENDM
                 
                 	.MACRO __CLRW1SX
                 	MOVW R26,R28
                 	SUBI R26,LOW(-@0)
                 	SBCI R27,HIGH(-@0)
                 	ST   X+,R30
                 	ST   X,R30
                 	.ENDM
                 
                 	.MACRO __CLRD1SX
                 	MOVW R26,R28
                 	SUBI R26,LOW(-@0)
                 	SBCI R27,HIGH(-@0)
                 	ST   X+,R30
                 	ST   X+,R30
                 	ST   X+,R30
                 	ST   X,R30
                 	.ENDM
                 
                 	.MACRO __PUTB2SX
                 	MOVW R30,R28
                 	SUBI R30,LOW(-@0)
                 	SBCI R31,HIGH(-@0)
                 	ST   Z,R26
                 	.ENDM
                 
                 	.MACRO __PUTW2SX
                 	MOVW R30,R28
                 	SUBI R30,LOW(-@0)
                 	SBCI R31,HIGH(-@0)
                 	ST   Z+,R26
                 	ST   Z,R27
                 	.ENDM
                 
                 	.MACRO __PUTD2SX
                 	MOVW R30,R28
                 	SUBI R30,LOW(-@0)
                 	SBCI R31,HIGH(-@0)
                 	ST   Z+,R26
                 	ST   Z+,R27
                 	ST   Z+,R24
                 	ST   Z,R25
                 	.ENDM
                 
                 	.MACRO __PUTBSRX
                 	MOVW R30,R28
                 	SUBI R30,LOW(-@1)
                 	SBCI R31,HIGH(-@1)
                 	ST   Z,R@0
                 	.ENDM
                 
                 	.MACRO __PUTWSRX
                 	MOVW R30,R28
                 	SUBI R30,LOW(-@2)
                 	SBCI R31,HIGH(-@2)
                 	ST   Z+,R@0
                 	ST   Z,R@1
                 	.ENDM
                 
                 	.MACRO __PUTB1SNX
                 	MOVW R26,R28
                 	SUBI R26,LOW(-@0)
                 	SBCI R27,HIGH(-@0)
                 	LD   R0,X+
                 	LD   R27,X
                 	MOV  R26,R0
                 	SUBI R26,LOW(-@1)
                 	SBCI R27,HIGH(-@1)
                 	ST   X,R30
                 	.ENDM
                 
                 	.MACRO __PUTW1SNX
                 	MOVW R26,R28
                 	SUBI R26,LOW(-@0)
                 	SBCI R27,HIGH(-@0)
                 	LD   R0,X+
                 	LD   R27,X
                 	MOV  R26,R0
                 	SUBI R26,LOW(-@1)
                 	SBCI R27,HIGH(-@1)
                 	ST   X+,R30
                 	ST   X,R31
                 	.ENDM
                 
                 	.MACRO __PUTD1SNX
                 	MOVW R26,R28
                 	SUBI R26,LOW(-@0)
                 	SBCI R27,HIGH(-@0)
                 	LD   R0,X+
                 	LD   R27,X
                 	MOV  R26,R0
                 	SUBI R26,LOW(-@1)
                 	SBCI R27,HIGH(-@1)
                 	ST   X+,R30
                 	ST   X+,R31
                 	ST   X+,R22
                 	ST   X,R23
                 	.ENDM
                 
                 	.MACRO __MULBRR
                 	MULS R@0,R@1
                 	MOVW R30,R0
                 	.ENDM
                 
                 	.MACRO __MULBRRU
                 	MUL  R@0,R@1
                 	MOVW R30,R0
                 	.ENDM
                 
                 	.MACRO __MULBRR0
                 	MULS R@0,R@1
                 	.ENDM
                 
                 	.MACRO __MULBRRU0
                 	MUL  R@0,R@1
                 	.ENDM
                 
                 	.MACRO __MULBNWRU
                 	LDI  R26,@2
                 	MUL  R26,R@0
                 	MOVW R30,R0
                 	MUL  R26,R@1
                 	ADD  R31,R0
                 	.ENDM
                 
                 ;NAME DEFINITIONS FOR GLOBAL VARIABLES ALLOCATED TO REGISTERS
                 	.DEF _rx_wr_index0=R4
                 	.DEF _rx_rd_index0=R3
                 	.DEF _rx_counter0=R6
                 
                 ;GPIOR0 INITIALIZATION VALUE
                 	.EQU __GPIOR0_INIT=0x00
                 
                 	.CSEG
                 	.ORG 0x00
                 
                 ;START OF CODE MARKER
                 __START_OF_CODE:
                 
                 ;INTERRUPT VECTORS
000000 940c 0054 	JMP  __RESET
000002 940c 0000 	JMP  0x00
000004 940c 0000 	JMP  0x00
000006 940c 0000 	JMP  0x00
000008 940c 0000 	JMP  0x00
00000a 940c 0000 	JMP  0x00
00000c 940c 0000 	JMP  0x00
00000e 940c 0000 	JMP  0x00
000010 940c 0000 	JMP  0x00
000012 940c 0000 	JMP  0x00
000014 940c 0000 	JMP  0x00
000016 940c 0000 	JMP  0x00
000018 940c 0000 	JMP  0x00
00001a 940c 0000 	JMP  0x00
00001c 940c 0000 	JMP  0x00
00001e 940c 0000 	JMP  0x00
000020 940c 0000 	JMP  0x00
000022 940c 0000 	JMP  0x00
000024 940c 0083 	JMP  _usart_rx_isr
000026 940c 0000 	JMP  0x00
000028 940c 0000 	JMP  0x00
00002a 940c 0000 	JMP  0x00
00002c 940c 0000 	JMP  0x00
00002e 940c 0000 	JMP  0x00
000030 940c 0000 	JMP  0x00
000032 940c 0000 	JMP  0x00
                 
                 _tbl10_G100:
000034 2710
000035 03e8
000036 0064
000037 000a      	.DB  0x10,0x27,0xE8,0x3,0x64,0x0,0xA,0x0
000038 0001      	.DB  0x1,0x0
                 _tbl16_G100:
000039 1000
00003a 0100
00003b 0010
00003c 0001      	.DB  0x0,0x10,0x0,0x1,0x10,0x0,0x1,0x0
                 
                 ;GLOBAL REGISTER VARIABLES INITIALIZATION
                 __REG_VARS:
00003d 0000
00003e 0000      	.DB  0x0,0x0,0x0,0x0
                 
                 _0xC:
00003f 0000
000040 0000
000041 0000
000042 0000      	.DB  0x0,0x0,0x0,0x0,0x0,0x0,0x0,0x0
000043 0000
000044 0000
000045 0000
000046 0000      	.DB  0x0,0x0,0x0,0x0,0x0,0x0,0x0,0x0
000047 0003
000048 0028      	.DB  0x3,0x0,0x28,0x0
                 _0x0:
000049 2c40
00004a 6425
00004b 252c
00004c 2c64      	.DB  0x40,0x2C,0x25,0x64,0x2C,0x25,0x64,0x2C
00004d 6425
00004e 0a0d
E:\Branch\AVR\ArduinoUno\traffic_light\traff\Debug\List\traffoc.asm(1147): warning: .cseg .db misalignment - padding zero byte
00004f 0000      	.DB  0x25,0x64,0xD,0xA,0x0
                 
                 __GLOBAL_INI_TBL:
000050 0004      	.DW  0x04
000051 0003      	.DW  0x03
000052 007a      	.DW  __REG_VARS*2
                 
                 _0xFFFFFFFF:
000053 0000      	.DW  0
                 
                 #define __GLOBAL_INI_TBL_PRESENT 1
                 
                 __RESET:
000054 94f8      	CLI
000055 27ee      	CLR  R30
000056 bbef      	OUT  EECR,R30
                 
                 ;INTERRUPT VECTORS ARE PLACED
                 ;AT THE START OF FLASH
000057 e0f1      	LDI  R31,1
000058 bff5      	OUT  MCUCR,R31
000059 bfe5      	OUT  MCUCR,R30
                 
                 ;CLEAR R2-R14
00005a e08d      	LDI  R24,(14-2)+1
00005b e0a2      	LDI  R26,2
00005c 27bb      	CLR  R27
                 __CLEAR_REG:
00005d 93ed      	ST   X+,R30
00005e 958a      	DEC  R24
00005f f7e9      	BRNE __CLEAR_REG
                 
                 ;CLEAR SRAM
000060 e080      	LDI  R24,LOW(__CLEAR_SRAM_SIZE)
000061 e098      	LDI  R25,HIGH(__CLEAR_SRAM_SIZE)
000062 e0a0      	LDI  R26,LOW(__SRAM_START)
000063 e0b1      	LDI  R27,HIGH(__SRAM_START)
                 __CLEAR_SRAM:
000064 93ed      	ST   X+,R30
000065 9701      	SBIW R24,1
000066 f7e9      	BRNE __CLEAR_SRAM
                 
                 ;GLOBAL VARIABLES INITIALIZATION
000067 eae0      	LDI  R30,LOW(__GLOBAL_INI_TBL*2)
000068 e0f0      	LDI  R31,HIGH(__GLOBAL_INI_TBL*2)
                 __GLOBAL_INI_NEXT:
000069 9185      	LPM  R24,Z+
00006a 9195      	LPM  R25,Z+
00006b 9700      	SBIW R24,0
00006c f061      	BREQ __GLOBAL_INI_END
00006d 91a5      	LPM  R26,Z+
00006e 91b5      	LPM  R27,Z+
00006f 9005      	LPM  R0,Z+
000070 9015      	LPM  R1,Z+
000071 01bf      	MOVW R22,R30
000072 01f0      	MOVW R30,R0
                 __GLOBAL_INI_LOOP:
000073 9005      	LPM  R0,Z+
000074 920d      	ST   X+,R0
000075 9701      	SBIW R24,1
000076 f7e1      	BRNE __GLOBAL_INI_LOOP
000077 01fb      	MOVW R30,R22
000078 cff0      	RJMP __GLOBAL_INI_NEXT
                 __GLOBAL_INI_END:
                 
                 ;GPIOR0 INITIALIZATION
000079 e0e0      	LDI  R30,__GPIOR0_INIT
00007a bbee      	OUT  GPIOR0,R30
                 
                 ;HARDWARE STACK POINTER INITIALIZATION
00007b efef      	LDI  R30,LOW(__SRAM_END-__HEAP_SIZE)
00007c bfed      	OUT  SPL,R30
00007d e0e8      	LDI  R30,HIGH(__SRAM_END-__HEAP_SIZE)
00007e bfee      	OUT  SPH,R30
                 
                 ;DATA STACK POINTER INITIALIZATION
00007f e0c0      	LDI  R28,LOW(__SRAM_START+__DSTACK_SIZE)
000080 e0d3      	LDI  R29,HIGH(__SRAM_START+__DSTACK_SIZE)
                 
000081 940c 00a7 	JMP  _main
                 
                 	.ESEG
                 	.ORG 0
                 
                 	.DSEG
                 	.ORG 0x300
                 
                 	.CSEG
                 ;/*******************************************************
                 ;This program was created by the
                 ;CodeWizardAVR V3.12 Advanced
                 ;Automatic Program Generator
                 ;© Copyright 1998-2014 Pavel Haiduc, HP InfoTech s.r.l.
                 ;http://www.hpinfotech.com
                 ;
                 ;Project :
                 ;Version :
                 ;Date    : 6/17/2020
                 ;Author  :
                 ;Company :
                 ;Comments:
                 ;
                 ;
                 ;Chip type               : ATmega328P
                 ;Program type            : Application
                 ;AVR Core Clock frequency: 16.000000 MHz
                 ;Memory model            : Small
                 ;External RAM size       : 0
                 ;Data Stack size         : 512
                 ;*******************************************************/
                 ;
                 ;#include <mega328p.h>
                 	#ifndef __SLEEP_DEFINED__
                 	#define __SLEEP_DEFINED__
                 	.EQU __se_bit=0x01
                 	.EQU __sm_mask=0x0E
                 	.EQU __sm_adc_noise_red=0x02
                 	.EQU __sm_powerdown=0x04
                 	.EQU __sm_powersave=0x06
                 	.EQU __sm_standby=0x0C
                 	.EQU __sm_ext_standby=0x0E
                 	.SET power_ctrl_reg=smcr
                 	#endif
                 ;#include <delay.h>
                 ;// Declare your global variables here
                 ;
                 ;#define DATA_REGISTER_EMPTY (1<<UDRE0)
                 ;#define RX_COMPLETE (1<<RXC0)
                 ;#define FRAMING_ERROR (1<<FE0)
                 ;#define PARITY_ERROR (1<<UPE0)
                 ;#define DATA_OVERRUN (1<<DOR0)
                 ;
                 ;// USART Receiver buffer
                 ;#define RX_BUFFER_SIZE0 8
                 ;char rx_buffer0[RX_BUFFER_SIZE0];
                 ;
                 ;#if RX_BUFFER_SIZE0 <= 256
                 ;unsigned char rx_wr_index0=0,rx_rd_index0=0;
                 ;#else
                 ;unsigned int rx_wr_index0=0,rx_rd_index0=0;
                 ;#endif
                 ;
                 ;#if RX_BUFFER_SIZE0 < 256
                 ;unsigned char rx_counter0=0;
                 ;#else
                 ;unsigned int rx_counter0=0;
                 ;#endif
                 ;
                 ;// This flag is set on USART Receiver buffer overflow
                 ;bit rx_buffer_overflow0;
                 ;
                 ;// USART Receiver interrupt service routine
                 ;interrupt [USART_RXC] void usart_rx_isr(void)
                 ; 0000 0037 {
                 
                 	.CSEG
                 _usart_rx_isr:
                 ; .FSTART _usart_rx_isr
000083 93ea      	ST   -Y,R30
000084 93fa      	ST   -Y,R31
000085 b7ef      	IN   R30,SREG
000086 93ea      	ST   -Y,R30
                 ; 0000 0038 char status,data;
                 ; 0000 0039 status=UCSR0A;
000087 931a      	ST   -Y,R17
000088 930a      	ST   -Y,R16
                 ;	status -> R17
                 ;	data -> R16
000089 9110 00c0 	LDS  R17,192
                 ; 0000 003A data=UDR0;
00008b 9100 00c6 	LDS  R16,198
                 ; 0000 003B if ((status & (FRAMING_ERROR | PARITY_ERROR | DATA_OVERRUN))==0)
00008d 2fe1      	MOV  R30,R17
00008e 71ec      	ANDI R30,LOW(0x1C)
00008f f481      	BRNE _0x3
                 ; 0000 003C    {
                 ; 0000 003D    rx_buffer0[rx_wr_index0++]=data;
000090 2de4      	MOV  R30,R4
000091 9443      	INC  R4
000092 e0f0      	LDI  R31,0
000093 50e0      	SUBI R30,LOW(-_rx_buffer0)
000094 4ffd      	SBCI R31,HIGH(-_rx_buffer0)
000095 8300      	ST   Z,R16
                 ; 0000 003E #if RX_BUFFER_SIZE0 == 256
                 ; 0000 003F    // special case for receiver buffer size=256
                 ; 0000 0040    if (++rx_counter0 == 0) rx_buffer_overflow0=1;
                 ; 0000 0041 #else
                 ; 0000 0042    if (rx_wr_index0 == RX_BUFFER_SIZE0) rx_wr_index0=0;
000096 e0e8      	LDI  R30,LOW(8)
000097 15e4      	CP   R30,R4
000098 f409      	BRNE _0x4
000099 2444      	CLR  R4
                 ; 0000 0043    if (++rx_counter0 == RX_BUFFER_SIZE0)
                 _0x4:
00009a 9463      	INC  R6
00009b e0e8      	LDI  R30,LOW(8)
00009c 15e6      	CP   R30,R6
00009d f411      	BRNE _0x5
                 ; 0000 0044       {
                 ; 0000 0045       rx_counter0=0;
00009e 2466      	CLR  R6
                 ; 0000 0046       rx_buffer_overflow0=1;
00009f 9af0      	SBI  0x1E,0
                 ; 0000 0047       }
                 ; 0000 0048 #endif
                 ; 0000 0049    }
                 _0x5:
                 ; 0000 004A }
                 _0x3:
0000a0 9109      	LD   R16,Y+
0000a1 9119      	LD   R17,Y+
0000a2 91e9      	LD   R30,Y+
0000a3 bfef      	OUT  SREG,R30
0000a4 91f9      	LD   R31,Y+
0000a5 91e9      	LD   R30,Y+
0000a6 9518      	RETI
                 ; .FEND
                 ;
                 ;#ifndef _DEBUG_TERMINAL_IO_
                 ;// Get a character from the USART Receiver buffer
                 ;#define _ALTERNATE_GETCHAR_
                 ;#pragma used+
                 ;char getchar(void)
                 ; 0000 0051 {
                 ; 0000 0052 char data;
                 ; 0000 0053 while (rx_counter0==0);
                 ;	data -> R17
                 ; 0000 0054 data=rx_buffer0[rx_rd_index0++];
                 ; 0000 0055 #if RX_BUFFER_SIZE0 != 256
                 ; 0000 0056 if (rx_rd_index0 == RX_BUFFER_SIZE0) rx_rd_index0=0;
                 ; 0000 0057 #endif
                 ; 0000 0058 #asm("cli")
                 ; 0000 0059 --rx_counter0;
                 ; 0000 005A #asm("sei")
                 ; 0000 005B return data;
                 ; 0000 005C }
                 ;#pragma used-
                 ;#endif
                 ;
                 ;// Standard Input/Output functions
                 ;#include <stdio.h>
                 ;
                 ;void main(void)
                 ; 0000 0064 {
                 _main:
                 ; .FSTART _main
                 ; 0000 0065 // Declare your local variables here
                 ; 0000 0066 int t = 0 ;
                 ; 0000 0067 int TXA = 30, TVA = 3, TXB = 40, TVB = 3 , TDA, TDB,T1, T2, T;
                 ; 0000 0068 int light = 0;
                 ; 0000 0069 int dA= 0,dB = 0;
                 ; 0000 006A // Crystal Oscillator division factor: 1
                 ; 0000 006B #pragma optsize-
                 ; 0000 006C CLKPR=(1<<CLKPCE);
0000a7 9764      	SBIW R28,20
0000a8 e184      	LDI  R24,20
0000a9 e0a0      	LDI  R26,LOW(0)
0000aa e0b0      	LDI  R27,HIGH(0)
0000ab e7ee      	LDI  R30,LOW(_0xC*2)
0000ac e0f0      	LDI  R31,HIGH(_0xC*2)
0000ad 940e 0413 	CALL __INITLOCB
                 ;	t -> R16,R17
                 ;	TXA -> R18,R19
                 ;	TVA -> R20,R21
                 ;	TXB -> Y+18
                 ;	TVB -> Y+16
                 ;	TDA -> Y+14
                 ;	TDB -> Y+12
                 ;	T1 -> Y+10
                 ;	T2 -> Y+8
                 ;	T -> Y+6
                 ;	light -> Y+4
                 ;	dA -> Y+2
                 ;	dB -> Y+0
                +
0000af e000     +LDI R16 , LOW ( 0 )
0000b0 e010     +LDI R17 , HIGH ( 0 )
                 	__GETWRN 16,17,0
                +
0000b1 e12e     +LDI R18 , LOW ( 30 )
0000b2 e030     +LDI R19 , HIGH ( 30 )
                 	__GETWRN 18,19,30
                +
0000b3 e043     +LDI R20 , LOW ( 3 )
0000b4 e050     +LDI R21 , HIGH ( 3 )
                 	__GETWRN 20,21,3
0000b5 e8e0      	LDI  R30,LOW(128)
0000b6 93e0 0061 	STS  97,R30
                 ; 0000 006D CLKPR=(0<<CLKPCE) | (0<<CLKPS3) | (0<<CLKPS2) | (0<<CLKPS1) | (0<<CLKPS0);
0000b8 e0e0      	LDI  R30,LOW(0)
0000b9 93e0 0061 	STS  97,R30
                 ; 0000 006E #ifdef _OPTIMIZE_SIZE_
                 ; 0000 006F #pragma optsize+
                 ; 0000 0070 #endif
                 ; 0000 0071 
                 ; 0000 0072 // Input/Output Ports initialization
                 ; 0000 0073 // Port B initialization
                 ; 0000 0074 // Function: Bit7=In Bit6=In Bit5=Out Bit4=Out Bit3=Out Bit2=Out Bit1=Out Bit0=Out
                 ; 0000 0075 DDRB=(0<<DDB7) | (0<<DDB6) | (1<<DDB5) | (1<<DDB4) | (1<<DDB3) | (1<<DDB2) | (1<<DDB1) | (1<<DDB0);
0000bb e3ef      	LDI  R30,LOW(63)
0000bc b9e4      	OUT  0x4,R30
                 ; 0000 0076 // State: Bit7=T Bit6=T Bit5=0 Bit4=0 Bit3=0 Bit2=0 Bit1=0 Bit0=0
                 ; 0000 0077 PORTB=(0<<PORTB7) | (0<<PORTB6) | (0<<PORTB5) | (0<<PORTB4) | (0<<PORTB3) | (0<<PORTB2) | (0<<PORTB1) | (0<<PORTB0);
0000bd e0e0      	LDI  R30,LOW(0)
0000be b9e5      	OUT  0x5,R30
                 ; 0000 0078 
                 ; 0000 0079 // Port C initialization
                 ; 0000 007A // Function: Bit6=In Bit5=In Bit4=In Bit3=In Bit2=In Bit1=In Bit0=In
                 ; 0000 007B DDRC=(0<<DDC6) | (0<<DDC5) | (0<<DDC4) | (0<<DDC3) | (0<<DDC2) | (0<<DDC1) | (0<<DDC0);
0000bf b9e7      	OUT  0x7,R30
                 ; 0000 007C // State: Bit6=T Bit5=T Bit4=T Bit3=T Bit2=T Bit1=T Bit0=T
                 ; 0000 007D PORTC=(0<<PORTC6) | (0<<PORTC5) | (0<<PORTC4) | (0<<PORTC3) | (0<<PORTC2) | (0<<PORTC1) | (0<<PORTC0);
0000c0 b9e8      	OUT  0x8,R30
                 ; 0000 007E 
                 ; 0000 007F // Port D initialization
                 ; 0000 0080 // Function: Bit7=In Bit6=In Bit5=In Bit4=In Bit3=In Bit2=In Bit1=In Bit0=In
                 ; 0000 0081 DDRD=(0<<DDD7) | (0<<DDD6) | (0<<DDD5) | (0<<DDD4) | (0<<DDD3) | (0<<DDD2) | (0<<DDD1) | (0<<DDD0);
0000c1 b9ea      	OUT  0xA,R30
                 ; 0000 0082 // State: Bit7=T Bit6=T Bit5=T Bit4=T Bit3=T Bit2=T Bit1=T Bit0=T
                 ; 0000 0083 PORTD=(0<<PORTD7) | (0<<PORTD6) | (0<<PORTD5) | (0<<PORTD4) | (0<<PORTD3) | (0<<PORTD2) | (0<<PORTD1) | (0<<PORTD0);
0000c2 b9eb      	OUT  0xB,R30
                 ; 0000 0084 
                 ; 0000 0085 // Timer/Counter 0 initialization
                 ; 0000 0086 // Clock source: System Clock
                 ; 0000 0087 // Clock value: Timer 0 Stopped
                 ; 0000 0088 // Mode: Normal top=0xFF
                 ; 0000 0089 // OC0A output: Disconnected
                 ; 0000 008A // OC0B output: Disconnected
                 ; 0000 008B TCCR0A=(0<<COM0A1) | (0<<COM0A0) | (0<<COM0B1) | (0<<COM0B0) | (0<<WGM01) | (0<<WGM00);
0000c3 bde4      	OUT  0x24,R30
                 ; 0000 008C TCCR0B=(0<<WGM02) | (0<<CS02) | (0<<CS01) | (0<<CS00);
0000c4 bde5      	OUT  0x25,R30
                 ; 0000 008D TCNT0=0x00;
0000c5 bde6      	OUT  0x26,R30
                 ; 0000 008E OCR0A=0x00;
0000c6 bde7      	OUT  0x27,R30
                 ; 0000 008F OCR0B=0x00;
0000c7 bde8      	OUT  0x28,R30
                 ; 0000 0090 
                 ; 0000 0091 // Timer/Counter 1 initialization
                 ; 0000 0092 // Clock source: System Clock
                 ; 0000 0093 // Clock value: Timer1 Stopped
                 ; 0000 0094 // Mode: Normal top=0xFFFF
                 ; 0000 0095 // OC1A output: Disconnected
                 ; 0000 0096 // OC1B output: Disconnected
                 ; 0000 0097 // Noise Canceler: Off
                 ; 0000 0098 // Input Capture on Falling Edge
                 ; 0000 0099 // Timer1 Overflow Interrupt: Off
                 ; 0000 009A // Input Capture Interrupt: Off
                 ; 0000 009B // Compare A Match Interrupt: Off
                 ; 0000 009C // Compare B Match Interrupt: Off
                 ; 0000 009D TCCR1A=(0<<COM1A1) | (0<<COM1A0) | (0<<COM1B1) | (0<<COM1B0) | (0<<WGM11) | (0<<WGM10);
0000c8 93e0 0080 	STS  128,R30
                 ; 0000 009E TCCR1B=(0<<ICNC1) | (0<<ICES1) | (0<<WGM13) | (0<<WGM12) | (0<<CS12) | (0<<CS11) | (0<<CS10);
0000ca 93e0 0081 	STS  129,R30
                 ; 0000 009F TCNT1H=0x00;
0000cc 93e0 0085 	STS  133,R30
                 ; 0000 00A0 TCNT1L=0x00;
0000ce 93e0 0084 	STS  132,R30
                 ; 0000 00A1 ICR1H=0x00;
0000d0 93e0 0087 	STS  135,R30
                 ; 0000 00A2 ICR1L=0x00;
0000d2 93e0 0086 	STS  134,R30
                 ; 0000 00A3 OCR1AH=0x00;
0000d4 93e0 0089 	STS  137,R30
                 ; 0000 00A4 OCR1AL=0x00;
0000d6 93e0 0088 	STS  136,R30
                 ; 0000 00A5 OCR1BH=0x00;
0000d8 93e0 008b 	STS  139,R30
                 ; 0000 00A6 OCR1BL=0x00;
0000da 93e0 008a 	STS  138,R30
                 ; 0000 00A7 
                 ; 0000 00A8 // Timer/Counter 2 initialization
                 ; 0000 00A9 // Clock source: System Clock
                 ; 0000 00AA // Clock value: Timer2 Stopped
                 ; 0000 00AB // Mode: Normal top=0xFF
                 ; 0000 00AC // OC2A output: Disconnected
                 ; 0000 00AD // OC2B output: Disconnected
                 ; 0000 00AE ASSR=(0<<EXCLK) | (0<<AS2);
0000dc 93e0 00b6 	STS  182,R30
                 ; 0000 00AF TCCR2A=(0<<COM2A1) | (0<<COM2A0) | (0<<COM2B1) | (0<<COM2B0) | (0<<WGM21) | (0<<WGM20);
0000de 93e0 00b0 	STS  176,R30
                 ; 0000 00B0 TCCR2B=(0<<WGM22) | (0<<CS22) | (0<<CS21) | (0<<CS20);
0000e0 93e0 00b1 	STS  177,R30
                 ; 0000 00B1 TCNT2=0x00;
0000e2 93e0 00b2 	STS  178,R30
                 ; 0000 00B2 OCR2A=0x00;
0000e4 93e0 00b3 	STS  179,R30
                 ; 0000 00B3 OCR2B=0x00;
0000e6 93e0 00b4 	STS  180,R30
                 ; 0000 00B4 
                 ; 0000 00B5 // Timer/Counter 0 Interrupt(s) initialization
                 ; 0000 00B6 TIMSK0=(0<<OCIE0B) | (0<<OCIE0A) | (0<<TOIE0);
0000e8 93e0 006e 	STS  110,R30
                 ; 0000 00B7 
                 ; 0000 00B8 // Timer/Counter 1 Interrupt(s) initialization
                 ; 0000 00B9 TIMSK1=(0<<ICIE1) | (0<<OCIE1B) | (0<<OCIE1A) | (0<<TOIE1);
0000ea 93e0 006f 	STS  111,R30
                 ; 0000 00BA 
                 ; 0000 00BB // Timer/Counter 2 Interrupt(s) initialization
                 ; 0000 00BC TIMSK2=(0<<OCIE2B) | (0<<OCIE2A) | (0<<TOIE2);
0000ec 93e0 0070 	STS  112,R30
                 ; 0000 00BD 
                 ; 0000 00BE // External Interrupt(s) initialization
                 ; 0000 00BF // INT0: Off
                 ; 0000 00C0 // INT1: Off
                 ; 0000 00C1 // Interrupt on any change on pins PCINT0-7: Off
                 ; 0000 00C2 // Interrupt on any change on pins PCINT8-14: Off
                 ; 0000 00C3 // Interrupt on any change on pins PCINT16-23: Off
                 ; 0000 00C4 EICRA=(0<<ISC11) | (0<<ISC10) | (0<<ISC01) | (0<<ISC00);
0000ee 93e0 0069 	STS  105,R30
                 ; 0000 00C5 EIMSK=(0<<INT1) | (0<<INT0);
0000f0 bbed      	OUT  0x1D,R30
                 ; 0000 00C6 PCICR=(0<<PCIE2) | (0<<PCIE1) | (0<<PCIE0);
0000f1 93e0 0068 	STS  104,R30
                 ; 0000 00C7 
                 ; 0000 00C8 // USART initialization
                 ; 0000 00C9 // Communication Parameters: 8 Data, 1 Stop, No Parity
                 ; 0000 00CA // USART Receiver: On
                 ; 0000 00CB // USART Transmitter: On
                 ; 0000 00CC // USART0 Mode: Asynchronous
                 ; 0000 00CD // USART Baud Rate: 9600
                 ; 0000 00CE UCSR0A=(0<<RXC0) | (0<<TXC0) | (0<<UDRE0) | (0<<FE0) | (0<<DOR0) | (0<<UPE0) | (0<<U2X0) | (0<<MPCM0);
0000f3 93e0 00c0 	STS  192,R30
                 ; 0000 00CF UCSR0B=(1<<RXCIE0) | (0<<TXCIE0) | (0<<UDRIE0) | (1<<RXEN0) | (1<<TXEN0) | (0<<UCSZ02) | (0<<RXB80) | (0<<TXB80);
0000f5 e9e8      	LDI  R30,LOW(152)
0000f6 93e0 00c1 	STS  193,R30
                 ; 0000 00D0 UCSR0C=(0<<UMSEL01) | (0<<UMSEL00) | (0<<UPM01) | (0<<UPM00) | (0<<USBS0) | (1<<UCSZ01) | (1<<UCSZ00) | (0<<UCPOL0);
0000f8 e0e6      	LDI  R30,LOW(6)
0000f9 93e0 00c2 	STS  194,R30
                 ; 0000 00D1 UBRR0H=0x00;
0000fb e0e0      	LDI  R30,LOW(0)
0000fc 93e0 00c5 	STS  197,R30
                 ; 0000 00D2 UBRR0L=0x67;
0000fe e6e7      	LDI  R30,LOW(103)
0000ff 93e0 00c4 	STS  196,R30
                 ; 0000 00D3 
                 ; 0000 00D4 // Analog Comparator initialization
                 ; 0000 00D5 // Analog Comparator: Off
                 ; 0000 00D6 // The Analog Comparator's positive input is
                 ; 0000 00D7 // connected to the AIN0 pin
                 ; 0000 00D8 // The Analog Comparator's negative input is
                 ; 0000 00D9 // connected to the AIN1 pin
                 ; 0000 00DA ACSR=(1<<ACD) | (0<<ACBG) | (0<<ACO) | (0<<ACI) | (0<<ACIE) | (0<<ACIC) | (0<<ACIS1) | (0<<ACIS0);
000101 e8e0      	LDI  R30,LOW(128)
000102 bfe0      	OUT  0x30,R30
                 ; 0000 00DB ADCSRB=(0<<ACME);
000103 e0e0      	LDI  R30,LOW(0)
000104 93e0 007b 	STS  123,R30
                 ; 0000 00DC // Digital input buffer on AIN0: On
                 ; 0000 00DD // Digital input buffer on AIN1: On
                 ; 0000 00DE DIDR1=(0<<AIN0D) | (0<<AIN1D);
000106 93e0 007f 	STS  127,R30
                 ; 0000 00DF 
                 ; 0000 00E0 // ADC initialization
                 ; 0000 00E1 // ADC disabled
                 ; 0000 00E2 ADCSRA=(0<<ADEN) | (0<<ADSC) | (0<<ADATE) | (0<<ADIF) | (0<<ADIE) | (0<<ADPS2) | (0<<ADPS1) | (0<<ADPS0);
000108 93e0 007a 	STS  122,R30
                 ; 0000 00E3 
                 ; 0000 00E4 // SPI initialization
                 ; 0000 00E5 // SPI disabled
                 ; 0000 00E6 SPCR=(0<<SPIE) | (0<<SPE) | (0<<DORD) | (0<<MSTR) | (0<<CPOL) | (0<<CPHA) | (0<<SPR1) | (0<<SPR0);
00010a bdec      	OUT  0x2C,R30
                 ; 0000 00E7 
                 ; 0000 00E8 // TWI initialization
                 ; 0000 00E9 // TWI disabled
                 ; 0000 00EA TWCR=(0<<TWEA) | (0<<TWSTA) | (0<<TWSTO) | (0<<TWEN) | (0<<TWIE);
00010b 93e0 00bc 	STS  188,R30
                 ; 0000 00EB 
                 ; 0000 00EC // Global enable interrupts
                 ; 0000 00ED #asm("sei")
00010d 9478      	sei
                 ; 0000 00EE 
                 ; 0000 00EF while (1)
                 _0xD:
                 ; 0000 00F0       {
                 ; 0000 00F1         TDA = TXB + TVB ;
00010e 89e8      	LDD  R30,Y+16
00010f 89f9      	LDD  R31,Y+16+1
000110 89aa      	LDD  R26,Y+18
000111 89bb      	LDD  R27,Y+18+1
000112 0fea      	ADD  R30,R26
000113 1ffb      	ADC  R31,R27
000114 87ee      	STD  Y+14,R30
000115 87ff      	STD  Y+14+1,R31
                 ; 0000 00F2         TDB = TXA + TVA ;
000116 01fa      	MOVW R30,R20
000117 0fe2      	ADD  R30,R18
000118 1ff3      	ADC  R31,R19
000119 87ec      	STD  Y+12,R30
00011a 87fd      	STD  Y+12+1,R31
                 ; 0000 00F3         T1 = TDB;
00011b 87ea      	STD  Y+10,R30
00011c 87fb      	STD  Y+10+1,R31
                 ; 0000 00F4         T2 = T1 + TXB;
00011d 89ea      	LDD  R30,Y+18
00011e 89fb      	LDD  R31,Y+18+1
00011f 85aa      	LDD  R26,Y+10
000120 85bb      	LDD  R27,Y+10+1
000121 0fea      	ADD  R30,R26
000122 1ffb      	ADC  R31,R27
000123 87e8      	STD  Y+8,R30
000124 87f9      	STD  Y+8+1,R31
                 ; 0000 00F5         T = T2 + TVB;
000125 89e8      	LDD  R30,Y+16
000126 89f9      	LDD  R31,Y+16+1
000127 85a8      	LDD  R26,Y+8
000128 85b9      	LDD  R27,Y+8+1
000129 0fea      	ADD  R30,R26
00012a 1ffb      	ADC  R31,R27
00012b 83ee      	STD  Y+6,R30
00012c 83ff      	STD  Y+6+1,R31
                 ; 0000 00F6         delay_ms(1000);
00012d eea8      	LDI  R26,LOW(1000)
00012e e0b3      	LDI  R27,HIGH(1000)
00012f 940e 03c0 	CALL _delay_ms
                 ; 0000 00F7       // Place your code here
                 ; 0000 00F8          if(t <= TXA)
                +
000131 1720     +CP R18 , R16
000132 0731     +CPC R19 , R17
                 	__CPWRR 18,19,16,17
000133 f044      	BRLT _0x10
                 ; 0000 00F9          {
                 ; 0000 00FA               light = 1 << 0;
000134 e0e1      	LDI  R30,LOW(1)
000135 e0f0      	LDI  R31,HIGH(1)
000136 83ec      	STD  Y+4,R30
000137 83fd      	STD  Y+4+1,R31
                 ; 0000 00FB               dA = TXA - t;
000138 01f9      	MOVW R30,R18
000139 940e 0376 	CALL SUBOPT_0x0
                 ; 0000 00FC               dB = T1 - t;
00013b c02a      	RJMP _0x31
                 ; 0000 00FD 
                 ; 0000 00FE          }
                 ; 0000 00FF          else if (t > TXA && t <= T1)
                 _0x10:
                +
00013c 1720     +CP R18 , R16
00013d 0731     +CPC R19 , R17
                 	__CPWRR 18,19,16,17
00013e f42c      	BRGE _0x13
00013f 85ea      	LDD  R30,Y+10
000140 85fb      	LDD  R31,Y+10+1
000141 17e0      	CP   R30,R16
000142 07f1      	CPC  R31,R17
000143 f40c      	BRGE _0x14
                 _0x13:
000144 c009      	RJMP _0x12
                 _0x14:
                 ; 0000 0100          {
                 ; 0000 0101               light =  2;
000145 e0e2      	LDI  R30,LOW(2)
000146 e0f0      	LDI  R31,HIGH(2)
000147 83ec      	STD  Y+4,R30
000148 83fd      	STD  Y+4+1,R31
                 ; 0000 0102               dA = T1 - t;
000149 85ea      	LDD  R30,Y+10
00014a 85fb      	LDD  R31,Y+10+1
00014b 940e 0376 	CALL SUBOPT_0x0
                 ; 0000 0103               dB = T1 - t;
00014d c018      	RJMP _0x31
                 ; 0000 0104          }
                 ; 0000 0105          else if (t > T1 && t <= T2)
                 _0x12:
00014e 85ea      	LDD  R30,Y+10
00014f 85fb      	LDD  R31,Y+10+1
000150 17e0      	CP   R30,R16
000151 07f1      	CPC  R31,R17
000152 f42c      	BRGE _0x17
000153 85e8      	LDD  R30,Y+8
000154 85f9      	LDD  R31,Y+8+1
000155 17e0      	CP   R30,R16
000156 07f1      	CPC  R31,R17
000157 f40c      	BRGE _0x18
                 _0x17:
000158 c007      	RJMP _0x16
                 _0x18:
                 ; 0000 0106          {
                 ; 0000 0107                 light = 3;
000159 e0e3      	LDI  R30,LOW(3)
00015a e0f0      	LDI  R31,HIGH(3)
00015b 940e 037d 	CALL SUBOPT_0x1
                 ; 0000 0108                 dA = T - t;
                 ; 0000 0109                 dB = T2 - t ;
00015d 85e8      	LDD  R30,Y+8
00015e 85f9      	LDD  R31,Y+8+1
00015f c006      	RJMP _0x31
                 ; 0000 010A          }
                 ; 0000 010B          else
                 _0x16:
                 ; 0000 010C          {
                 ; 0000 010D                  light = 4;
000160 e0e4      	LDI  R30,LOW(4)
000161 e0f0      	LDI  R31,HIGH(4)
000162 940e 037d 	CALL SUBOPT_0x1
                 ; 0000 010E                  dA = T-t;
                 ; 0000 010F                  dB = T-t  ;
000164 81ee      	LDD  R30,Y+6
000165 81ff      	LDD  R31,Y+6+1
                 _0x31:
000166 1be0      	SUB  R30,R16
000167 0bf1      	SBC  R31,R17
000168 83e8      	ST   Y,R30
000169 83f9      	STD  Y+1,R31
                 ; 0000 0110          }
                 ; 0000 0111            PORTB.0 = (light == 1);
00016a 81ac      	LDD  R26,Y+4
00016b 81bd      	LDD  R27,Y+4+1
00016c e0e1      	LDI  R30,LOW(1)
00016d e0f0      	LDI  R31,HIGH(1)
00016e 940e 03d7 	CALL __EQW12
000170 30e0      	CPI  R30,0
000171 f411      	BRNE _0x1A
000172 9828      	CBI  0x5,0
000173 c001      	RJMP _0x1B
                 _0x1A:
000174 9a28      	SBI  0x5,0
                 _0x1B:
                 ; 0000 0112            PORTB.1 = (light == 2);
000175 81ac      	LDD  R26,Y+4
000176 81bd      	LDD  R27,Y+4+1
000177 e0e2      	LDI  R30,LOW(2)
000178 e0f0      	LDI  R31,HIGH(2)
000179 940e 03d7 	CALL __EQW12
00017b 30e0      	CPI  R30,0
00017c f411      	BRNE _0x1C
00017d 9829      	CBI  0x5,1
00017e c001      	RJMP _0x1D
                 _0x1C:
00017f 9a29      	SBI  0x5,1
                 _0x1D:
                 ; 0000 0113            PORTB.2 = (light == 3);
000180 81ac      	LDD  R26,Y+4
000181 81bd      	LDD  R27,Y+4+1
000182 e0e3      	LDI  R30,LOW(3)
000183 e0f0      	LDI  R31,HIGH(3)
000184 940e 03d7 	CALL __EQW12
000186 30e0      	CPI  R30,0
000187 f411      	BRNE _0x1E
000188 982a      	CBI  0x5,2
000189 c001      	RJMP _0x1F
                 _0x1E:
00018a 9a2a      	SBI  0x5,2
                 _0x1F:
                 ; 0000 0114            PORTB.3 = (light == 4);
00018b 81ac      	LDD  R26,Y+4
00018c 81bd      	LDD  R27,Y+4+1
00018d e0e4      	LDI  R30,LOW(4)
00018e e0f0      	LDI  R31,HIGH(4)
00018f 940e 03d7 	CALL __EQW12
000191 30e0      	CPI  R30,0
000192 f411      	BRNE _0x20
000193 982b      	CBI  0x5,3
000194 c001      	RJMP _0x21
                 _0x20:
000195 9a2b      	SBI  0x5,3
                 _0x21:
                 ; 0000 0115            PORTB.4 = PORTB.2 | PORTB.3;
000196 e0a0      	LDI  R26,0
000197 992a      	SBIC 0x5,2
000198 e0a1      	LDI  R26,1
000199 e0e0      	LDI  R30,0
00019a 992b      	SBIC 0x5,3
00019b e0e1      	LDI  R30,1
00019c 2bea      	OR   R30,R26
00019d f411      	BRNE _0x22
00019e 982c      	CBI  0x5,4
00019f c001      	RJMP _0x23
                 _0x22:
0001a0 9a2c      	SBI  0x5,4
                 _0x23:
                 ; 0000 0116            PORTB.5 = PORTB.0 | PORTB.1;
0001a1 e0a0      	LDI  R26,0
0001a2 9928      	SBIC 0x5,0
0001a3 e0a1      	LDI  R26,1
0001a4 e0e0      	LDI  R30,0
0001a5 9929      	SBIC 0x5,1
0001a6 e0e1      	LDI  R30,1
0001a7 2bea      	OR   R30,R26
0001a8 f411      	BRNE _0x24
0001a9 982d      	CBI  0x5,5
0001aa c001      	RJMP _0x25
                 _0x24:
0001ab 9a2d      	SBI  0x5,5
                 _0x25:
                 ; 0000 0117 
                 ; 0000 0118           t++;
                +
0001ac 5f0f     +SUBI R16 , LOW ( - 1 )
0001ad 4f1f     +SBCI R17 , HIGH ( - 1 )
                 	__ADDWRN 16,17,1
                 ; 0000 0119           if(t > T)
0001ae 81ee      	LDD  R30,Y+6
0001af 81ff      	LDD  R31,Y+6+1
0001b0 17e0      	CP   R30,R16
0001b1 07f1      	CPC  R31,R17
0001b2 f414      	BRGE _0x26
                 ; 0000 011A           t = 0;
                +
0001b3 e000     +LDI R16 , LOW ( 0 )
0001b4 e010     +LDI R17 , HIGH ( 0 )
                 	__GETWRN 16,17,0
                 ; 0000 011B 
                 ; 0000 011C           printf("@,%d,%d,%d\r\n",light,dA,dB);
                 _0x26:
                +
0001b5 e9e2     +LDI R30 , LOW ( 2 * _0x0 + ( 0 ) )
0001b6 e0f0     +LDI R31 , HIGH ( 2 * _0x0 + ( 0 ) )
                 	__POINTW1FN _0x0,0
0001b7 93fa      	ST   -Y,R31
0001b8 93ea      	ST   -Y,R30
0001b9 81ee      	LDD  R30,Y+6
0001ba 81ff      	LDD  R31,Y+6+1
0001bb 940e 0386 	CALL SUBOPT_0x2
0001bd 85e8      	LDD  R30,Y+8
0001be 85f9      	LDD  R31,Y+8+1
0001bf 940e 0386 	CALL SUBOPT_0x2
0001c1 85ea      	LDD  R30,Y+10
0001c2 85fb      	LDD  R31,Y+10+1
0001c3 940e 0386 	CALL SUBOPT_0x2
0001c5 e08c      	LDI  R24,12
0001c6 d171      	RCALL _printf
0001c7 962e      	ADIW R28,14
                 ; 0000 011D           if(rx_buffer_overflow0)
0001c8 9bf0      	SBIS 0x1E,0
0001c9 c021      	RJMP _0x27
                 ; 0000 011E           {
                 ; 0000 011F             if(rx_buffer0[0] == 'X')
0001ca 91a0 0300 	LDS  R26,_rx_buffer0
0001cc 35a8      	CPI  R26,LOW(0x58)
0001cd f461      	BRNE _0x28
                 ; 0000 0120             {
                 ; 0000 0121                  if(rx_buffer0[1] == 'A')
                +
0001ce 91a0 0301+LDS R26 , _rx_buffer0 + ( 1 )
                 	__GETB2MN _rx_buffer0,1
0001d0 34a1      	CPI  R26,LOW(0x41)
0001d1 f421      	BRNE _0x29
                 ; 0000 0122                  {
                 ; 0000 0123                       TXA = (rx_buffer0[6] - 48)*10 + rx_buffer0[7]-48;
0001d2 940e 038b 	CALL SUBOPT_0x3
0001d4 019d      	MOVW R18,R26
                 ; 0000 0124                  }
                 ; 0000 0125                  else
0001d5 c004      	RJMP _0x2A
                 _0x29:
                 ; 0000 0126                  {
                 ; 0000 0127                        TXB = (rx_buffer0[6] - 48)*10 + rx_buffer0[7]-48;
0001d6 940e 038b 	CALL SUBOPT_0x3
0001d8 8baa      	STD  Y+18,R26
0001d9 8bbb      	STD  Y+18+1,R27
                 ; 0000 0128                  }
                 _0x2A:
                 ; 0000 0129 
                 ; 0000 012A             }
                 ; 0000 012B             if(rx_buffer0[0] == 'V')
                 _0x28:
0001da 91a0 0300 	LDS  R26,_rx_buffer0
0001dc 35a6      	CPI  R26,LOW(0x56)
0001dd f461      	BRNE _0x2B
                 ; 0000 012C             {
                 ; 0000 012D                  if(rx_buffer0[1] == 'A')
                +
0001de 91a0 0301+LDS R26 , _rx_buffer0 + ( 1 )
                 	__GETB2MN _rx_buffer0,1
0001e0 34a1      	CPI  R26,LOW(0x41)
0001e1 f421      	BRNE _0x2C
                 ; 0000 012E                  {
                 ; 0000 012F                       TVA = (rx_buffer0[6] - 48)*10 + rx_buffer0[7]-48;
0001e2 940e 038b 	CALL SUBOPT_0x3
0001e4 01ad      	MOVW R20,R26
                 ; 0000 0130                  }
                 ; 0000 0131                  else
0001e5 c004      	RJMP _0x2D
                 _0x2C:
                 ; 0000 0132                  {
                 ; 0000 0133                     TVB = (rx_buffer0[6] - 48)*10 + rx_buffer0[7]-48;
0001e6 940e 038b 	CALL SUBOPT_0x3
0001e8 8ba8      	STD  Y+16,R26
0001e9 8bb9      	STD  Y+16+1,R27
                 ; 0000 0134                  }
                 _0x2D:
                 ; 0000 0135 
                 ; 0000 0136             }
                 ; 0000 0137 
                 ; 0000 0138               rx_buffer_overflow0 = 0;
                 _0x2B:
0001ea 98f0      	CBI  0x1E,0
                 ; 0000 0139           }
                 ; 0000 013A       }
                 _0x27:
0001eb cf22      	RJMP _0xD
                 ; 0000 013B }
                 _0x30:
0001ec cfff      	RJMP _0x30
                 ; .FEND
                 	#ifndef __SLEEP_DEFINED__
                 	#endif
                 
                 	.CSEG
                 _putchar:
                 ; .FSTART _putchar
0001ed 93aa      	ST   -Y,R26
                 _0x2000003:
0001ee 91e0 00c0 	LDS  R30,192
0001f0 72e0      	ANDI R30,LOW(0x20)
0001f1 f3e1      	BREQ _0x2000003
0001f2 81e8      	LD   R30,Y
0001f3 93e0 00c6 	STS  198,R30
0001f5 9621      	ADIW R28,1
0001f6 9508      	RET
                 ; .FEND
                 _put_usart_G100:
                 ; .FSTART _put_usart_G100
0001f7 93ba      	ST   -Y,R27
0001f8 93aa      	ST   -Y,R26
0001f9 81aa      	LDD  R26,Y+2
0001fa dff2      	RCALL _putchar
0001fb 81a8      	LD   R26,Y
0001fc 81b9      	LDD  R27,Y+1
0001fd 91ed      	LD   R30,X+
0001fe 91fd      	LD   R31,X+
0001ff 9631      	ADIW R30,1
000200 93fe      	ST   -X,R31
000201 93ee      	ST   -X,R30
000202 9623      	ADIW R28,3
000203 9508      	RET
                 ; .FEND
                 __print_G100:
                 ; .FSTART __print_G100
000204 93ba      	ST   -Y,R27
000205 93aa      	ST   -Y,R26
000206 9726      	SBIW R28,6
000207 940e 0405 	CALL __SAVELOCR6
000209 e010      	LDI  R17,0
00020a 85ac      	LDD  R26,Y+12
00020b 85bd      	LDD  R27,Y+12+1
00020c e0e0      	LDI  R30,LOW(0)
00020d e0f0      	LDI  R31,HIGH(0)
00020e 93ed      	ST   X+,R30
00020f 93fc      	ST   X,R31
                 _0x2000019:
000210 89ea      	LDD  R30,Y+18
000211 89fb      	LDD  R31,Y+18+1
000212 9631      	ADIW R30,1
000213 8bea      	STD  Y+18,R30
000214 8bfb      	STD  Y+18+1,R31
000215 9731      	SBIW R30,1
000216 91e4      	LPM  R30,Z
000217 2f2e      	MOV  R18,R30
000218 30e0      	CPI  R30,0
000219 f409      	BRNE PC+2
00021a c115      	RJMP _0x200001B
00021b 2fe1      	MOV  R30,R17
00021c 30e0      	CPI  R30,0
00021d f439      	BRNE _0x200001F
00021e 3225      	CPI  R18,37
00021f f411      	BRNE _0x2000020
000220 e011      	LDI  R17,LOW(1)
000221 c002      	RJMP _0x2000021
                 _0x2000020:
000222 940e 039b 	CALL SUBOPT_0x4
                 _0x2000021:
000224 c10a      	RJMP _0x200001E
                 _0x200001F:
000225 30e1      	CPI  R30,LOW(0x1)
000226 f4a9      	BRNE _0x2000022
000227 3225      	CPI  R18,37
000228 f419      	BRNE _0x2000023
000229 940e 039b 	CALL SUBOPT_0x4
00022b c102      	RJMP _0x20000CF
                 _0x2000023:
00022c e012      	LDI  R17,LOW(2)
00022d e040      	LDI  R20,LOW(0)
00022e e000      	LDI  R16,LOW(0)
00022f 322d      	CPI  R18,45
000230 f411      	BRNE _0x2000024
000231 e001      	LDI  R16,LOW(1)
000232 c0fc      	RJMP _0x200001E
                 _0x2000024:
000233 322b      	CPI  R18,43
000234 f411      	BRNE _0x2000025
000235 e24b      	LDI  R20,LOW(43)
000236 c0f8      	RJMP _0x200001E
                 _0x2000025:
000237 3220      	CPI  R18,32
000238 f411      	BRNE _0x2000026
000239 e240      	LDI  R20,LOW(32)
00023a c0f4      	RJMP _0x200001E
                 _0x2000026:
00023b c002      	RJMP _0x2000027
                 _0x2000022:
00023c 30e2      	CPI  R30,LOW(0x2)
00023d f439      	BRNE _0x2000028
                 _0x2000027:
00023e e050      	LDI  R21,LOW(0)
00023f e013      	LDI  R17,LOW(3)
000240 3320      	CPI  R18,48
000241 f411      	BRNE _0x2000029
000242 6800      	ORI  R16,LOW(128)
000243 c0eb      	RJMP _0x200001E
                 _0x2000029:
000244 c003      	RJMP _0x200002A
                 _0x2000028:
000245 30e3      	CPI  R30,LOW(0x3)
000246 f009      	BREQ PC+2
000247 c0e7      	RJMP _0x200001E
                 _0x200002A:
000248 3320      	CPI  R18,48
000249 f010      	BRLO _0x200002D
00024a 332a      	CPI  R18,58
00024b f008      	BRLO _0x200002E
                 _0x200002D:
00024c c007      	RJMP _0x200002C
                 _0x200002E:
00024d e0aa      	LDI  R26,LOW(10)
00024e 9f5a      	MUL  R21,R26
00024f 2d50      	MOV  R21,R0
000250 2fe2      	MOV  R30,R18
000251 53e0      	SUBI R30,LOW(48)
000252 0f5e      	ADD  R21,R30
000253 c0db      	RJMP _0x200001E
                 _0x200002C:
000254 2fe2      	MOV  R30,R18
000255 36e3      	CPI  R30,LOW(0x63)
000256 f449      	BRNE _0x2000032
000257 940e 03a2 	CALL SUBOPT_0x5
000259 89e8      	LDD  R30,Y+16
00025a 89f9      	LDD  R31,Y+16+1
00025b 81a4      	LDD  R26,Z+4
00025c 93aa      	ST   -Y,R26
00025d 940e 03a8 	CALL SUBOPT_0x6
00025f c0ce      	RJMP _0x2000033
                 _0x2000032:
000260 37e3      	CPI  R30,LOW(0x73)
000261 f441      	BRNE _0x2000035
000262 940e 03a2 	CALL SUBOPT_0x5
000264 940e 03ae 	CALL SUBOPT_0x7
000266 940e 035d 	CALL _strlen
000268 2f1e      	MOV  R17,R30
000269 c00a      	RJMP _0x2000036
                 _0x2000035:
00026a 37e0      	CPI  R30,LOW(0x70)
00026b f461      	BRNE _0x2000038
00026c 940e 03a2 	CALL SUBOPT_0x5
00026e 940e 03ae 	CALL SUBOPT_0x7
000270 940e 0369 	CALL _strlenf
000272 2f1e      	MOV  R17,R30
000273 6008      	ORI  R16,LOW(8)
                 _0x2000036:
000274 6002      	ORI  R16,LOW(2)
000275 770f      	ANDI R16,LOW(127)
000276 e030      	LDI  R19,LOW(0)
000277 c034      	RJMP _0x2000039
                 _0x2000038:
000278 36e4      	CPI  R30,LOW(0x64)
000279 f011      	BREQ _0x200003C
00027a 36e9      	CPI  R30,LOW(0x69)
00027b f411      	BRNE _0x200003D
                 _0x200003C:
00027c 6004      	ORI  R16,LOW(4)
00027d c002      	RJMP _0x200003E
                 _0x200003D:
00027e 37e5      	CPI  R30,LOW(0x75)
00027f f431      	BRNE _0x200003F
                 _0x200003E:
000280 e6e8      	LDI  R30,LOW(_tbl10_G100*2)
000281 e0f0      	LDI  R31,HIGH(_tbl10_G100*2)
000282 83ee      	STD  Y+6,R30
000283 83ff      	STD  Y+6+1,R31
000284 e015      	LDI  R17,LOW(5)
000285 c00c      	RJMP _0x2000040
                 _0x200003F:
000286 35e8      	CPI  R30,LOW(0x58)
000287 f411      	BRNE _0x2000042
000288 6008      	ORI  R16,LOW(8)
000289 c003      	RJMP _0x2000043
                 _0x2000042:
00028a 37e8      	CPI  R30,LOW(0x78)
00028b f009      	BREQ PC+2
00028c c0a1      	RJMP _0x2000074
                 _0x2000043:
00028d e7e2      	LDI  R30,LOW(_tbl16_G100*2)
00028e e0f0      	LDI  R31,HIGH(_tbl16_G100*2)
00028f 83ee      	STD  Y+6,R30
000290 83ff      	STD  Y+6+1,R31
000291 e014      	LDI  R17,LOW(4)
                 _0x2000040:
000292 ff02      	SBRS R16,2
000293 c014      	RJMP _0x2000045
000294 940e 03a2 	CALL SUBOPT_0x5
000296 940e 03b8 	CALL SUBOPT_0x8
000298 85ab      	LDD  R26,Y+11
000299 23aa      	TST  R26
00029a f43a      	BRPL _0x2000046
00029b 85ea      	LDD  R30,Y+10
00029c 85fb      	LDD  R31,Y+10+1
00029d 940e 03ce 	CALL __ANEGW1
00029f 87ea      	STD  Y+10,R30
0002a0 87fb      	STD  Y+10+1,R31
0002a1 e24d      	LDI  R20,LOW(45)
                 _0x2000046:
0002a2 3040      	CPI  R20,0
0002a3 f011      	BREQ _0x2000047
0002a4 5f1f      	SUBI R17,-LOW(1)
0002a5 c001      	RJMP _0x2000048
                 _0x2000047:
0002a6 7f0b      	ANDI R16,LOW(251)
                 _0x2000048:
0002a7 c004      	RJMP _0x2000049
                 _0x2000045:
0002a8 940e 03a2 	CALL SUBOPT_0x5
0002aa 940e 03b8 	CALL SUBOPT_0x8
                 _0x2000049:
                 _0x2000039:
0002ac fd00      	SBRC R16,0
0002ad c011      	RJMP _0x200004A
                 _0x200004B:
0002ae 1715      	CP   R17,R21
0002af f478      	BRSH _0x200004D
0002b0 ff07      	SBRS R16,7
0002b1 c008      	RJMP _0x200004E
0002b2 ff02      	SBRS R16,2
0002b3 c004      	RJMP _0x200004F
0002b4 7f0b      	ANDI R16,LOW(251)
0002b5 2f24      	MOV  R18,R20
0002b6 5011      	SUBI R17,LOW(1)
0002b7 c001      	RJMP _0x2000050
                 _0x200004F:
0002b8 e320      	LDI  R18,LOW(48)
                 _0x2000050:
0002b9 c001      	RJMP _0x2000051
                 _0x200004E:
0002ba e220      	LDI  R18,LOW(32)
                 _0x2000051:
0002bb 940e 039b 	CALL SUBOPT_0x4
0002bd 5051      	SUBI R21,LOW(1)
0002be cfef      	RJMP _0x200004B
                 _0x200004D:
                 _0x200004A:
0002bf 2f31      	MOV  R19,R17
0002c0 ff01      	SBRS R16,1
0002c1 c017      	RJMP _0x2000052
                 _0x2000053:
0002c2 3030      	CPI  R19,0
0002c3 f0a1      	BREQ _0x2000055
0002c4 ff03      	SBRS R16,3
0002c5 c006      	RJMP _0x2000056
0002c6 81ee      	LDD  R30,Y+6
0002c7 81ff      	LDD  R31,Y+6+1
0002c8 9125      	LPM  R18,Z+
0002c9 83ee      	STD  Y+6,R30
0002ca 83ff      	STD  Y+6+1,R31
0002cb c005      	RJMP _0x2000057
                 _0x2000056:
0002cc 81ae      	LDD  R26,Y+6
0002cd 81bf      	LDD  R27,Y+6+1
0002ce 912d      	LD   R18,X+
0002cf 83ae      	STD  Y+6,R26
0002d0 83bf      	STD  Y+6+1,R27
                 _0x2000057:
0002d1 940e 039b 	CALL SUBOPT_0x4
0002d3 3050      	CPI  R21,0
0002d4 f009      	BREQ _0x2000058
0002d5 5051      	SUBI R21,LOW(1)
                 _0x2000058:
0002d6 5031      	SUBI R19,LOW(1)
0002d7 cfea      	RJMP _0x2000053
                 _0x2000055:
0002d8 c04b      	RJMP _0x2000059
                 _0x2000052:
                 _0x200005B:
0002d9 e320      	LDI  R18,LOW(48)
0002da 81ee      	LDD  R30,Y+6
0002db 81ff      	LDD  R31,Y+6+1
0002dc 940e 03fc 	CALL __GETW1PF
0002de 87e8      	STD  Y+8,R30
0002df 87f9      	STD  Y+8+1,R31
0002e0 81ee      	LDD  R30,Y+6
0002e1 81ff      	LDD  R31,Y+6+1
0002e2 9632      	ADIW R30,2
0002e3 83ee      	STD  Y+6,R30
0002e4 83ff      	STD  Y+6+1,R31
                 _0x200005D:
0002e5 85e8      	LDD  R30,Y+8
0002e6 85f9      	LDD  R31,Y+8+1
0002e7 85aa      	LDD  R26,Y+10
0002e8 85bb      	LDD  R27,Y+10+1
0002e9 17ae      	CP   R26,R30
0002ea 07bf      	CPC  R27,R31
0002eb f050      	BRLO _0x200005F
0002ec 5f2f      	SUBI R18,-LOW(1)
0002ed 85a8      	LDD  R26,Y+8
0002ee 85b9      	LDD  R27,Y+8+1
0002ef 85ea      	LDD  R30,Y+10
0002f0 85fb      	LDD  R31,Y+10+1
0002f1 1bea      	SUB  R30,R26
0002f2 0bfb      	SBC  R31,R27
0002f3 87ea      	STD  Y+10,R30
0002f4 87fb      	STD  Y+10+1,R31
0002f5 cfef      	RJMP _0x200005D
                 _0x200005F:
0002f6 332a      	CPI  R18,58
0002f7 f028      	BRLO _0x2000060
0002f8 ff03      	SBRS R16,3
0002f9 c002      	RJMP _0x2000061
0002fa 5f29      	SUBI R18,-LOW(7)
0002fb c001      	RJMP _0x2000062
                 _0x2000061:
0002fc 5d29      	SUBI R18,-LOW(39)
                 _0x2000062:
                 _0x2000060:
0002fd fd04      	SBRC R16,4
0002fe c01a      	RJMP _0x2000064
0002ff 3321      	CPI  R18,49
000300 f420      	BRSH _0x2000066
000301 85a8      	LDD  R26,Y+8
000302 85b9      	LDD  R27,Y+8+1
000303 9711      	SBIW R26,1
000304 f409      	BRNE _0x2000065
                 _0x2000066:
000305 c009      	RJMP _0x20000D0
                 _0x2000065:
000306 1753      	CP   R21,R19
000307 f010      	BRLO _0x200006A
000308 ff00      	SBRS R16,0
000309 c001      	RJMP _0x200006B
                 _0x200006A:
00030a c013      	RJMP _0x2000069
                 _0x200006B:
00030b e220      	LDI  R18,LOW(32)
00030c ff07      	SBRS R16,7
00030d c00b      	RJMP _0x200006C
00030e e320      	LDI  R18,LOW(48)
                 _0x20000D0:
00030f 6100      	ORI  R16,LOW(16)
000310 ff02      	SBRS R16,2
000311 c007      	RJMP _0x200006D
000312 7f0b      	ANDI R16,LOW(251)
000313 934a      	ST   -Y,R20
000314 940e 03a8 	CALL SUBOPT_0x6
000316 3050      	CPI  R21,0
000317 f009      	BREQ _0x200006E
000318 5051      	SUBI R21,LOW(1)
                 _0x200006E:
                 _0x200006D:
                 _0x200006C:
                 _0x2000064:
000319 940e 039b 	CALL SUBOPT_0x4
00031b 3050      	CPI  R21,0
00031c f009      	BREQ _0x200006F
00031d 5051      	SUBI R21,LOW(1)
                 _0x200006F:
                 _0x2000069:
00031e 5031      	SUBI R19,LOW(1)
00031f 85a8      	LDD  R26,Y+8
000320 85b9      	LDD  R27,Y+8+1
000321 9712      	SBIW R26,2
000322 f008      	BRLO _0x200005C
000323 cfb5      	RJMP _0x200005B
                 _0x200005C:
                 _0x2000059:
000324 ff00      	SBRS R16,0
000325 c008      	RJMP _0x2000070
                 _0x2000071:
000326 3050      	CPI  R21,0
000327 f031      	BREQ _0x2000073
000328 5051      	SUBI R21,LOW(1)
000329 e2e0      	LDI  R30,LOW(32)
00032a 93ea      	ST   -Y,R30
00032b 940e 03a8 	CALL SUBOPT_0x6
00032d cff8      	RJMP _0x2000071
                 _0x2000073:
                 _0x2000070:
                 _0x2000074:
                 _0x2000033:
                 _0x20000CF:
00032e e010      	LDI  R17,LOW(0)
                 _0x200001E:
00032f cee0      	RJMP _0x2000019
                 _0x200001B:
000330 85ac      	LDD  R26,Y+12
000331 85bd      	LDD  R27,Y+12+1
000332 940e 03f8 	CALL __GETW1P
000334 940e 040c 	CALL __LOADLOCR6
000336 9664      	ADIW R28,20
000337 9508      	RET
                 ; .FEND
                 _printf:
                 ; .FSTART _printf
000338 92ff      	PUSH R15
000339 2ef8      	MOV  R15,R24
00033a 9726      	SBIW R28,6
00033b 931a      	ST   -Y,R17
00033c 930a      	ST   -Y,R16
00033d 01de      	MOVW R26,R28
00033e 9614      	ADIW R26,4
00033f 940e 03ca 	CALL __ADDW2R15
000341 018d      	MOVW R16,R26
000342 e0e0      	LDI  R30,LOW(0)
000343 83ec      	STD  Y+4,R30
000344 83ed      	STD  Y+4+1,R30
000345 83ee      	STD  Y+6,R30
000346 83ef      	STD  Y+6+1,R30
000347 01de      	MOVW R26,R28
000348 9618      	ADIW R26,8
000349 940e 03ca 	CALL __ADDW2R15
00034b 940e 03f8 	CALL __GETW1P
00034d 93fa      	ST   -Y,R31
00034e 93ea      	ST   -Y,R30
00034f 931a      	ST   -Y,R17
000350 930a      	ST   -Y,R16
000351 efe7      	LDI  R30,LOW(_put_usart_G100)
000352 e0f1      	LDI  R31,HIGH(_put_usart_G100)
000353 93fa      	ST   -Y,R31
000354 93ea      	ST   -Y,R30
000355 01de      	MOVW R26,R28
000356 9618      	ADIW R26,8
000357 deac      	RCALL __print_G100
000358 8119      	LDD  R17,Y+1
000359 8108      	LDD  R16,Y+0
00035a 9628      	ADIW R28,8
00035b 90ff      	POP  R15
00035c 9508      	RET
                 ; .FEND
                 
                 	.CSEG
                 
                 	.CSEG
                 _strlen:
                 ; .FSTART _strlen
00035d 93ba      	ST   -Y,R27
00035e 93aa      	ST   -Y,R26
00035f 91a9          ld   r26,y+
000360 91b9          ld   r27,y+
000361 27ee          clr  r30
000362 27ff          clr  r31
                 strlen0:
000363 916d          ld   r22,x+
000364 2366          tst  r22
000365 f011          breq strlen1
000366 9631          adiw r30,1
000367 cffb          rjmp strlen0
                 strlen1:
000368 9508          ret
                 ; .FEND
                 _strlenf:
                 ; .FSTART _strlenf
000369 93ba      	ST   -Y,R27
00036a 93aa      	ST   -Y,R26
00036b 27aa          clr  r26
00036c 27bb          clr  r27
00036d 91e9          ld   r30,y+
00036e 91f9          ld   r31,y+
                 strlenf0:
00036f 9005      	lpm  r0,z+
000370 2000          tst  r0
000371 f011          breq strlenf1
000372 9611          adiw r26,1
000373 cffb          rjmp strlenf0
                 strlenf1:
000374 01fd          movw r30,r26
000375 9508          ret
                 ; .FEND
                 
                 	.DSEG
                 _rx_buffer0:
000300           	.BYTE 0x8
                 
                 	.CSEG
                 ;OPTIMIZER ADDED SUBROUTINE, CALLED 2 TIMES, CODE SIZE REDUCTION:1 WORDS
                 SUBOPT_0x0:
000376 1be0      	SUB  R30,R16
000377 0bf1      	SBC  R31,R17
000378 83ea      	STD  Y+2,R30
000379 83fb      	STD  Y+2+1,R31
00037a 85ea      	LDD  R30,Y+10
00037b 85fb      	LDD  R31,Y+10+1
00037c 9508      	RET
                 
                 ;OPTIMIZER ADDED SUBROUTINE, CALLED 2 TIMES, CODE SIZE REDUCTION:3 WORDS
                 SUBOPT_0x1:
00037d 83ec      	STD  Y+4,R30
00037e 83fd      	STD  Y+4+1,R31
00037f 81ee      	LDD  R30,Y+6
000380 81ff      	LDD  R31,Y+6+1
000381 1be0      	SUB  R30,R16
000382 0bf1      	SBC  R31,R17
000383 83ea      	STD  Y+2,R30
000384 83fb      	STD  Y+2+1,R31
000385 9508      	RET
                 
                 ;OPTIMIZER ADDED SUBROUTINE, CALLED 3 TIMES, CODE SIZE REDUCTION:1 WORDS
                 SUBOPT_0x2:
000386 940e 03d2 	CALL __CWD1
000388 940e 0400 	CALL __PUTPARD1
00038a 9508      	RET
                 
                 ;OPTIMIZER ADDED SUBROUTINE, CALLED 4 TIMES, CODE SIZE REDUCTION:36 WORDS
                 SUBOPT_0x3:
                +
00038b 91e0 0306+LDS R30 , _rx_buffer0 + ( 6 )
                 	__GETB1MN _rx_buffer0,6
00038d e0f0      	LDI  R31,0
00038e 97f0      	SBIW R30,48
00038f e0aa      	LDI  R26,LOW(10)
000390 e0b0      	LDI  R27,HIGH(10)
000391 940e 03e5 	CALL __MULW12
000393 01df      	MOVW R26,R30
                +
000394 91e0 0307+LDS R30 , _rx_buffer0 + ( 7 )
                 	__GETB1MN _rx_buffer0,7
000396 e0f0      	LDI  R31,0
000397 0fae      	ADD  R26,R30
000398 1fbf      	ADC  R27,R31
000399 97d0      	SBIW R26,48
00039a 9508      	RET
                 
                 ;OPTIMIZER ADDED SUBROUTINE, CALLED 5 TIMES, CODE SIZE REDUCTION:13 WORDS
                 SUBOPT_0x4:
00039b 932a      	ST   -Y,R18
00039c 85ad      	LDD  R26,Y+13
00039d 85be      	LDD  R27,Y+13+1
00039e 85ef      	LDD  R30,Y+15
00039f 89f8      	LDD  R31,Y+15+1
0003a0 9509      	ICALL
0003a1 9508      	RET
                 
                 ;OPTIMIZER ADDED SUBROUTINE, CALLED 5 TIMES, CODE SIZE REDUCTION:9 WORDS
                 SUBOPT_0x5:
0003a2 89e8      	LDD  R30,Y+16
0003a3 89f9      	LDD  R31,Y+16+1
0003a4 9734      	SBIW R30,4
0003a5 8be8      	STD  Y+16,R30
0003a6 8bf9      	STD  Y+16+1,R31
0003a7 9508      	RET
                 
                 ;OPTIMIZER ADDED SUBROUTINE, CALLED 3 TIMES, CODE SIZE REDUCTION:3 WORDS
                 SUBOPT_0x6:
0003a8 85ad      	LDD  R26,Y+13
0003a9 85be      	LDD  R27,Y+13+1
0003aa 85ef      	LDD  R30,Y+15
0003ab 89f8      	LDD  R31,Y+15+1
0003ac 9509      	ICALL
0003ad 9508      	RET
                 
                 ;OPTIMIZER ADDED SUBROUTINE, CALLED 2 TIMES, CODE SIZE REDUCTION:4 WORDS
                 SUBOPT_0x7:
0003ae 89a8      	LDD  R26,Y+16
0003af 89b9      	LDD  R27,Y+16+1
0003b0 9614      	ADIW R26,4
0003b1 940e 03f8 	CALL __GETW1P
0003b3 83ee      	STD  Y+6,R30
0003b4 83ff      	STD  Y+6+1,R31
0003b5 81ae      	LDD  R26,Y+6
0003b6 81bf      	LDD  R27,Y+6+1
0003b7 9508      	RET
                 
                 ;OPTIMIZER ADDED SUBROUTINE, CALLED 2 TIMES, CODE SIZE REDUCTION:2 WORDS
                 SUBOPT_0x8:
0003b8 89a8      	LDD  R26,Y+16
0003b9 89b9      	LDD  R27,Y+16+1
0003ba 9614      	ADIW R26,4
0003bb 940e 03f8 	CALL __GETW1P
0003bd 87ea      	STD  Y+10,R30
0003be 87fb      	STD  Y+10+1,R31
0003bf 9508      	RET
                 
                 
                 	.CSEG
                 _delay_ms:
0003c0 9610      	adiw r26,0
0003c1 f039      	breq __delay_ms1
                 __delay_ms0:
                +
0003c2 ea80     +LDI R24 , LOW ( 0xFA0 )
0003c3 e09f     +LDI R25 , HIGH ( 0xFA0 )
                +__DELAY_USW_LOOP :
0003c4 9701     +SBIW R24 , 1
0003c5 f7f1     +BRNE __DELAY_USW_LOOP
                 	__DELAY_USW 0xFA0
0003c6 95a8      	wdr
0003c7 9711      	sbiw r26,1
0003c8 f7c9      	brne __delay_ms0
                 __delay_ms1:
0003c9 9508      	ret
                 
                 __ADDW2R15:
0003ca 2400      	CLR  R0
0003cb 0daf      	ADD  R26,R15
0003cc 1db0      	ADC  R27,R0
0003cd 9508      	RET
                 
                 __ANEGW1:
0003ce 95f1      	NEG  R31
0003cf 95e1      	NEG  R30
0003d0 40f0      	SBCI R31,0
0003d1 9508      	RET
                 
                 __CWD1:
0003d2 2f6f      	MOV  R22,R31
0003d3 0f66      	ADD  R22,R22
0003d4 0b66      	SBC  R22,R22
0003d5 2f76      	MOV  R23,R22
0003d6 9508      	RET
                 
                 __EQW12:
0003d7 17ea      	CP   R30,R26
0003d8 07fb      	CPC  R31,R27
0003d9 e0e1      	LDI  R30,1
0003da f009      	BREQ __EQW12T
0003db 27ee      	CLR  R30
                 __EQW12T:
0003dc 9508      	RET
                 
                 __MULW12U:
0003dd 9ffa      	MUL  R31,R26
0003de 2df0      	MOV  R31,R0
0003df 9feb      	MUL  R30,R27
0003e0 0df0      	ADD  R31,R0
0003e1 9fea      	MUL  R30,R26
0003e2 2de0      	MOV  R30,R0
0003e3 0df1      	ADD  R31,R1
0003e4 9508      	RET
                 
                 __MULW12:
0003e5 d004      	RCALL __CHKSIGNW
0003e6 dff6      	RCALL __MULW12U
0003e7 f40e      	BRTC __MULW121
0003e8 dfe5      	RCALL __ANEGW1
                 __MULW121:
0003e9 9508      	RET
                 
                 __CHKSIGNW:
0003ea 94e8      	CLT
0003eb fff7      	SBRS R31,7
0003ec c002      	RJMP __CHKSW1
0003ed dfe0      	RCALL __ANEGW1
0003ee 9468      	SET
                 __CHKSW1:
0003ef ffb7      	SBRS R27,7
0003f0 c006      	RJMP __CHKSW2
0003f1 95a0      	COM  R26
0003f2 95b0      	COM  R27
0003f3 9611      	ADIW R26,1
0003f4 f800      	BLD  R0,0
0003f5 9403      	INC  R0
0003f6 fa00      	BST  R0,0
                 __CHKSW2:
0003f7 9508      	RET
                 
                 __GETW1P:
0003f8 91ed      	LD   R30,X+
0003f9 91fc      	LD   R31,X
0003fa 9711      	SBIW R26,1
0003fb 9508      	RET
                 
                 __GETW1PF:
0003fc 9005      	LPM  R0,Z+
0003fd 91f4      	LPM  R31,Z
0003fe 2de0      	MOV  R30,R0
0003ff 9508      	RET
                 
                 __PUTPARD1:
000400 937a      	ST   -Y,R23
000401 936a      	ST   -Y,R22
000402 93fa      	ST   -Y,R31
000403 93ea      	ST   -Y,R30
000404 9508      	RET
                 
                 __SAVELOCR6:
000405 935a      	ST   -Y,R21
                 __SAVELOCR5:
000406 934a      	ST   -Y,R20
                 __SAVELOCR4:
000407 933a      	ST   -Y,R19
                 __SAVELOCR3:
000408 932a      	ST   -Y,R18
                 __SAVELOCR2:
000409 931a      	ST   -Y,R17
00040a 930a      	ST   -Y,R16
00040b 9508      	RET
                 
                 __LOADLOCR6:
00040c 815d      	LDD  R21,Y+5
                 __LOADLOCR5:
00040d 814c      	LDD  R20,Y+4
                 __LOADLOCR4:
00040e 813b      	LDD  R19,Y+3
                 __LOADLOCR3:
00040f 812a      	LDD  R18,Y+2
                 __LOADLOCR2:
000410 8119      	LDD  R17,Y+1
000411 8108      	LD   R16,Y
000412 9508      	RET
                 
                 __INITLOCB:
                 __INITLOCW:
000413 0fac      	ADD  R26,R28
000414 1fbd      	ADC  R27,R29
                 __INITLOC0:
000415 9005      	LPM  R0,Z+
000416 920d      	ST   X+,R0
000417 958a      	DEC  R24
000418 f7e1      	BRNE __INITLOC0
000419 9508      	RET
                 
                 ;END OF CODE MARKER
                 __END_OF_CODE:


RESOURCE USE INFORMATION
------------------------

Notice:
The register and instruction counts are symbol table hit counts,
and hence implicitly used resources are not counted, eg, the
'lpm' instruction without operands implicitly uses r0 and z,
none of which are counted.

x,y,z are separate entities in the symbol table and are
counted separately from r26..r31 here.

.dseg memory usage only counts static data declared with .byte

ATmega328P register use summary:
r0 :  19 r1 :   2 r2 :   0 r3 :   0 r4 :   4 r5 :   0 r6 :   3 r7 :   0 
r8 :   0 r9 :   0 r10:   0 r11:   0 r12:   0 r13:   0 r14:   0 r15:   4 
r16:  46 r17:  35 r18:  33 r19:  12 r20:  12 r21:  18 r22:  11 r23:   2 
r24:  13 r25:   3 r26:  90 r27:  47 r28:  13 r29:   2 r30: 235 r31: 105 
x  :  14 y  : 204 z  :  15 
Registers used: 24 out of 35 (68.6%)

ATmega328P instruction use summary:
.lds  :   0 .lds.l:   0 .sts  :   0 .sts.l:   0 adc   :   7 add   :  11 
adiw  :  17 and   :   0 andi  :   6 asr   :   0 bclr  :   0 bld   :   1 
brbc  :   0 brbs  :   0 brcc  :   0 brcs  :   0 break :   0 breq  :  15 
brge  :   5 brhc  :   0 brhs  :   0 brid  :   0 brie  :   0 brlo  :   6 
brlt  :   1 brmi  :   0 brne  :  36 brpl  :   1 brsh  :   2 brtc  :   1 
brts  :   0 brvc  :   0 brvs  :   0 bset  :   0 bst   :   1 call  :  49 
cbi   :   7 cbr   :   0 clc   :   0 clh   :   0 cli   :   1 cln   :   0 
clr   :  10 cls   :   0 clt   :   1 clv   :   0 clz   :   0 com   :   2 
cp    :  12 cpc   :   8 cpi   :  37 cpse  :   0 dec   :   2 des   :   0 
eor   :   0 fmul  :   0 fmuls :   0 fmulsu:   0 icall :   2 ijmp  :   0 
in    :   1 inc   :   3 jmp   :  27 ld    :  18 ldd   : 101 ldi   : 107 
lds   :   9 lpm   :  15 lsl   :   0 lsr   :   0 mov   :  17 movw  :  13 
mul   :   4 muls  :   0 mulsu :   0 neg   :   2 nop   :   0 or    :   2 
ori   :   6 out   :  21 pop   :   1 push  :   1 rcall :   7 ret   :  29 
reti  :   1 rjmp  :  68 rol   :   0 ror   :   0 sbc   :   5 sbci  :   3 
sbi   :   7 sbic  :   4 sbis  :   1 sbiw  :  15 sbr   :   0 sbrc  :   2 
sbrs  :  12 sec   :   0 seh   :   0 sei   :   1 sen   :   0 ser   :   0 
ses   :   0 set   :   1 sev   :   0 sez   :   0 sleep :   0 spm   :   0 
st    :  48 std   :  53 sts   :  33 sub   :   4 subi  :  15 swap  :   0 
tst   :   3 wdr   :   1 
Instructions used: 63 out of 116 (54.3%)

ATmega328P memory use summary [bytes]:
Segment   Begin    End      Code   Data   Used    Size   Use%
---------------------------------------------------------------
[.cseg] 0x000000 0x000834   2036     64   2100   32768   6.4%
[.dseg] 0x000100 0x000308      0      8      8    2048   0.4%
[.eseg] 0x000000 0x000000      0      0      0    1024   0.0%

Assembly complete, 0 errors, 4 warnings
